Using pre-set license

 COMMAND LINE ARGUMENTS:
/Applications/Unity/Hub/Editor/2020.3.8f1/Unity.app/Contents/MacOS/Unity
-adb2
-batchMode
-noUpm
-name
AssetImportWorker0
-projectPath
/Users/hoangluong/Desktop/Start
-logFile
Logs/AssetImportWorker0.log
-srvPort
53720
Successfully changed project path to: /Users/hoangluong/Desktop/Start
/Users/hoangluong/Desktop/Start
Using Asset Import Pipeline V2.
Refreshing native plugins compatible for Editor in 87.00 ms, found 2 plugins.
Preloading 0 native plugins for Editor in 0.00 ms.
Initialize engine version: 2020.3.8f1 (507919d4fff5)
[Subsystems] Discovering subsystems at path /Applications/Unity/Hub/Editor/2020.3.8f1/Unity.app/Contents/Resources/UnitySubsystems
[Subsystems] Discovering subsystems at path /Users/hoangluong/Desktop/Start/Assets
GfxDevice: creating device client; threaded=0
2021-06-01 21:59:19.524 Unity[6696:8309328] C32F391 preferred device: Intel(R) Iris(TM) Plus Graphics 640 (low power)
2021-06-01 21:59:19.524 Unity[6696:8309328] Metal devices available: 1
2021-06-01 21:59:19.524 Unity[6696:8309328] 0: Intel(R) Iris(TM) Plus Graphics 640 (low power)
2021-06-01 21:59:19.525 Unity[6696:8309328] Using device Intel(R) Iris(TM) Plus Graphics 640 (low power)
Initializing Metal device caps: Intel(R) Iris(TM) Plus Graphics 640
Initialize mono
Mono path[0] = '/Applications/Unity/Hub/Editor/2020.3.8f1/Unity.app/Contents/Managed'
Mono path[1] = '/Applications/Unity/Hub/Editor/2020.3.8f1/Unity.app/Contents/MonoBleedingEdge/lib/mono/unityjit'
Mono config path = '/Applications/Unity/Hub/Editor/2020.3.8f1/Unity.app/Contents/MonoBleedingEdge/etc'
Using monoOptions --debugger-agent=transport=dt_socket,embedding=1,server=y,suspend=n,address=127.0.0.1:56696
Begin MonoManager ReloadAssembly
Registering precompiled unity dll's ...
Register platform support module: /Applications/Unity/Hub/Editor/2020.3.8f1/Unity.app/Contents/PlaybackEngines/MacStandaloneSupport/UnityEditor.OSXStandalone.Extensions.dll
Registered in 0.001374 seconds.
Native extension for OSXStandalone target not found
Refreshing native plugins compatible for Editor in 54.59 ms, found 2 plugins.
Preloading 0 native plugins for Editor in 0.00 ms.
Mono: successfully reloaded assembly
- Completed reload, in  3.818 seconds
Platform modules already initialized, skipping
Registering precompiled user dll's ...
Registered in 0.002969 seconds.
Begin MonoManager ReloadAssembly
Native extension for OSXStandalone target not found
Refreshing native plugins compatible for Editor in 52.10 ms, found 2 plugins.
Preloading 0 native plugins for Editor in 0.00 ms.
Mono: successfully reloaded assembly
- Completed reload, in  1.465 seconds
Platform modules already initialized, skipping
========================================================================
Worker process is ready to serve import requests
Launching external process: /Applications/Unity/Hub/Editor/2020.3.8f1/Unity.app/Contents/Tools/UnityShaderCompiler
Launched and connected shader compiler UnityShaderCompiler after 0.02 seconds
Refreshing native plugins compatible for Editor in 0.47 ms, found 2 plugins.
Preloading 0 native plugins for Editor in 0.00 ms.
Unloading 2010 Unused Serialized files (Serialized files now loaded: 0)
System memory in use before: 155.9 MB.
System memory in use after: 155.9 MB.

Unloading 25 unused Assets to reduce memory usage. Loaded Objects now: 2454.
Total: 2.457572 ms (FindLiveObjects: 0.223877 ms CreateObjectMapping: 0.112068 ms MarkObjects: 1.978043 ms  DeleteObjects: 0.142640 ms)

========================================================================
Received Import Request.
  path: Assets/Script/Settings.cs
  artifactKey: Guid(a3102693baef745b6bdf6fa7d9dde6c1) Importer(815301076,1909f56bfc062723c751e8b465ee728b)
Start importing Assets/Script/Settings.cs using Guid(a3102693baef745b6bdf6fa7d9dde6c1) Importer(815301076,1909f56bfc062723c751e8b465ee728b)  -> (artifact id: '1efb9ff832493b00ffc8467796cc64f0') in 0.533872 seconds
  Import took 0.538304 seconds .

========================================================================
Received Import Request.
  Time since last request: 1412.292779 seconds.
  path: Assets/Script/SingletonMonobehaviour.cs
  artifactKey: Guid(edc3c1979c4f84fef8295361cec8c4a2) Importer(815301076,1909f56bfc062723c751e8b465ee728b)
Start importing Assets/Script/SingletonMonobehaviour.cs using Guid(edc3c1979c4f84fef8295361cec8c4a2) Importer(815301076,1909f56bfc062723c751e8b465ee728b)  -> (artifact id: '3a797e780e46af629afe03952ced2064') in 0.009025 seconds
  Import took 0.015019 seconds .

========================================================================
Received Prepare
Registering precompiled user dll's ...
Registered in 0.001522 seconds.
Begin MonoManager ReloadAssembly
Native extension for OSXStandalone target not found
Refreshing native plugins compatible for Editor in 1.39 ms, found 2 plugins.
Preloading 0 native plugins for Editor in 0.00 ms.
Mono: successfully reloaded assembly
- Completed reload, in  1.936 seconds
Platform modules already initialized, skipping
Refreshing native plugins compatible for Editor in 0.82 ms, found 2 plugins.
Preloading 0 native plugins for Editor in 0.00 ms.
Unloading 1990 Unused Serialized files (Serialized files now loaded: 0)
System memory in use before: 159.1 MB.
System memory in use after: 159.1 MB.

Unloading 13 unused Assets to reduce memory usage. Loaded Objects now: 2458.
Total: 15.063558 ms (FindLiveObjects: 1.061703 ms CreateObjectMapping: 0.208273 ms MarkObjects: 13.496126 ms  DeleteObjects: 0.295086 ms)

========================================================================
Received Import Request.
  Time since last request: 954.849886 seconds.
  path: Assets/Script/Enums.cs
  artifactKey: Guid(40f6ec670e0f24a7299568b727024e4d) Importer(815301076,1909f56bfc062723c751e8b465ee728b)
Start importing Assets/Script/Enums.cs using Guid(40f6ec670e0f24a7299568b727024e4d) Importer(815301076,1909f56bfc062723c751e8b465ee728b)  -> (artifact id: 'f529f56b408be6c60fa507056fa5479c') in 0.084878 seconds
  Import took 0.120852 seconds .

========================================================================
Received Prepare
Registering precompiled user dll's ...
Registered in 0.002438 seconds.
Begin MonoManager ReloadAssembly
Native extension for OSXStandalone target not found
Refreshing native plugins compatible for Editor in 0.77 ms, found 2 plugins.
Preloading 0 native plugins for Editor in 0.00 ms.
Mono: successfully reloaded assembly
- Completed reload, in  1.882 seconds
Platform modules already initialized, skipping
Refreshing native plugins compatible for Editor in 1.19 ms, found 2 plugins.
Preloading 0 native plugins for Editor in 0.00 ms.
Unloading 1991 Unused Serialized files (Serialized files now loaded: 0)
System memory in use before: 159.3 MB.
System memory in use after: 159.3 MB.

Unloading 13 unused Assets to reduce memory usage. Loaded Objects now: 2463.
Total: 3.543381 ms (FindLiveObjects: 0.598483 ms CreateObjectMapping: 0.132205 ms MarkObjects: 2.662165 ms  DeleteObjects: 0.148750 ms)

========================================================================
Received Prepare
Registering precompiled user dll's ...
Registered in 0.001299 seconds.
Begin MonoManager ReloadAssembly
Native extension for OSXStandalone target not found
Refreshing native plugins compatible for Editor in 0.56 ms, found 2 plugins.
Preloading 0 native plugins for Editor in 0.00 ms.
Mono: successfully reloaded assembly
- Completed reload, in  1.524 seconds
Platform modules already initialized, skipping
Refreshing native plugins compatible for Editor in 1.46 ms, found 2 plugins.
Preloading 0 native plugins for Editor in 0.00 ms.
Unloading 1991 Unused Serialized files (Serialized files now loaded: 0)
System memory in use before: 159.5 MB.
System memory in use after: 159.5 MB.

Unloading 13 unused Assets to reduce memory usage. Loaded Objects now: 2467.
Total: 7.664385 ms (FindLiveObjects: 0.564988 ms CreateObjectMapping: 0.131201 ms MarkObjects: 6.819683 ms  DeleteObjects: 0.147304 ms)

========================================================================
Received Import Request.
  Time since last request: 539.503209 seconds.
  path: Assets/Script/Enums.cs
  artifactKey: Guid(40f6ec670e0f24a7299568b727024e4d) Importer(815301076,1909f56bfc062723c751e8b465ee728b)
Start importing Assets/Script/Enums.cs using Guid(40f6ec670e0f24a7299568b727024e4d) Importer(815301076,1909f56bfc062723c751e8b465ee728b)  -> (artifact id: '36da9b4a3f2076b899d7ccfd3371fc42') in 0.017873 seconds
  Import took 0.024360 seconds .

========================================================================
Received Import Request.
  Time since last request: 42.896027 seconds.
  path: Assets/TimeSystem
  artifactKey: Guid(b433dc8f5883643a7b17b0fff598c9f2) Importer(815301076,1909f56bfc062723c751e8b465ee728b)
Start importing Assets/TimeSystem using Guid(b433dc8f5883643a7b17b0fff598c9f2) Importer(815301076,1909f56bfc062723c751e8b465ee728b)  -> (artifact id: 'd75f152df832ec726e4170755890f427') in 0.002123 seconds
  Import took 0.006048 seconds .

========================================================================
Received Import Request.
  Time since last request: 14.447544 seconds.
  path: Assets/TimeSystem/TimeManager.cs
  artifactKey: Guid(dc7bfb0225aa84e23b8a6213f564fdbb) Importer(815301076,1909f56bfc062723c751e8b465ee728b)
Start importing Assets/TimeSystem/TimeManager.cs using Guid(dc7bfb0225aa84e23b8a6213f564fdbb) Importer(815301076,1909f56bfc062723c751e8b465ee728b)  -> (artifact id: 'ba76c4ff433a5c505a59cb04b7fee417') in 0.006513 seconds
  Import took 0.013172 seconds .

========================================================================
Received Prepare
Registering precompiled user dll's ...
Registered in 0.001146 seconds.
Begin MonoManager ReloadAssembly
Native extension for OSXStandalone target not found
Refreshing native plugins compatible for Editor in 0.45 ms, found 2 plugins.
Preloading 0 native plugins for Editor in 0.00 ms.
Mono: successfully reloaded assembly
- Completed reload, in  1.203 seconds
Platform modules already initialized, skipping
Refreshing native plugins compatible for Editor in 0.58 ms, found 2 plugins.
Preloading 0 native plugins for Editor in 0.00 ms.
Unloading 1992 Unused Serialized files (Serialized files now loaded: 0)
System memory in use before: 159.8 MB.
System memory in use after: 159.7 MB.

Unloading 13 unused Assets to reduce memory usage. Loaded Objects now: 2472.
Total: 2.386128 ms (FindLiveObjects: 0.201278 ms CreateObjectMapping: 0.079345 ms MarkObjects: 1.720388 ms  DeleteObjects: 0.384146 ms)

========================================================================
Received Import Request.
  Time since last request: 1428.359405 seconds.
  path: Assets/TimeSystem/TimeManager.cs
  artifactKey: Guid(dc7bfb0225aa84e23b8a6213f564fdbb) Importer(815301076,1909f56bfc062723c751e8b465ee728b)
Start importing Assets/TimeSystem/TimeManager.cs using Guid(dc7bfb0225aa84e23b8a6213f564fdbb) Importer(815301076,1909f56bfc062723c751e8b465ee728b)  -> (artifact id: '8be72286cd5aa15549d37fd0aa37ce49') in 0.110062 seconds
  Import took 0.196300 seconds .

========================================================================
Received Prepare
Registering precompiled user dll's ...
Registered in 0.001557 seconds.
Begin MonoManager ReloadAssembly
Native extension for OSXStandalone target not found
Refreshing native plugins compatible for Editor in 0.44 ms, found 2 plugins.
Preloading 0 native plugins for Editor in 0.00 ms.
Mono: successfully reloaded assembly
- Completed reload, in  1.402 seconds
Platform modules already initialized, skipping
Refreshing native plugins compatible for Editor in 0.60 ms, found 2 plugins.
Preloading 0 native plugins for Editor in 0.00 ms.
Unloading 1992 Unused Serialized files (Serialized files now loaded: 0)
System memory in use before: 160.0 MB.
System memory in use after: 160.0 MB.

Unloading 13 unused Assets to reduce memory usage. Loaded Objects now: 2476.
Total: 2.295573 ms (FindLiveObjects: 0.266108 ms CreateObjectMapping: 0.080194 ms MarkObjects: 1.802833 ms  DeleteObjects: 0.145479 ms)

========================================================================
Received Prepare
Registering precompiled user dll's ...
Registered in 0.000879 seconds.
Begin MonoManager ReloadAssembly
Native extension for OSXStandalone target not found
Refreshing native plugins compatible for Editor in 0.44 ms, found 2 plugins.
Preloading 0 native plugins for Editor in 0.00 ms.
Mono: successfully reloaded assembly
- Completed reload, in  1.233 seconds
Platform modules already initialized, skipping
Refreshing native plugins compatible for Editor in 0.50 ms, found 2 plugins.
Preloading 0 native plugins for Editor in 0.00 ms.
Unloading 1992 Unused Serialized files (Serialized files now loaded: 0)
System memory in use before: 160.2 MB.
System memory in use after: 160.2 MB.

Unloading 13 unused Assets to reduce memory usage. Loaded Objects now: 2480.
Total: 2.180785 ms (FindLiveObjects: 0.198812 ms CreateObjectMapping: 0.069201 ms MarkObjects: 1.794553 ms  DeleteObjects: 0.117364 ms)

========================================================================
Received Prepare
Registering precompiled user dll's ...
Registered in 0.000845 seconds.
Begin MonoManager ReloadAssembly
Native extension for OSXStandalone target not found
Refreshing native plugins compatible for Editor in 0.44 ms, found 2 plugins.
Preloading 0 native plugins for Editor in 0.00 ms.
Mono: successfully reloaded assembly
- Completed reload, in  1.199 seconds
Platform modules already initialized, skipping
Refreshing native plugins compatible for Editor in 0.50 ms, found 2 plugins.
Preloading 0 native plugins for Editor in 0.00 ms.
Unloading 1992 Unused Serialized files (Serialized files now loaded: 0)
System memory in use before: 160.5 MB.
System memory in use after: 160.5 MB.

Unloading 13 unused Assets to reduce memory usage. Loaded Objects now: 2484.
Total: 2.384677 ms (FindLiveObjects: 0.361080 ms CreateObjectMapping: 0.165267 ms MarkObjects: 1.729056 ms  DeleteObjects: 0.127320 ms)

========================================================================
Received Prepare
Registering precompiled user dll's ...
Registered in 0.000659 seconds.
Begin MonoManager ReloadAssembly
Native extension for OSXStandalone target not found
Refreshing native plugins compatible for Editor in 0.72 ms, found 2 plugins.
Preloading 0 native plugins for Editor in 0.00 ms.
Mono: successfully reloaded assembly
- Completed reload, in  1.280 seconds
Platform modules already initialized, skipping
Refreshing native plugins compatible for Editor in 0.48 ms, found 2 plugins.
Preloading 0 native plugins for Editor in 0.00 ms.
Unloading 1992 Unused Serialized files (Serialized files now loaded: 0)
System memory in use before: 160.6 MB.
System memory in use after: 160.6 MB.

Unloading 13 unused Assets to reduce memory usage. Loaded Objects now: 2488.
Total: 2.277260 ms (FindLiveObjects: 0.224824 ms CreateObjectMapping: 0.080316 ms MarkObjects: 1.845204 ms  DeleteObjects: 0.125929 ms)

========================================================================
Received Prepare
Registering precompiled user dll's ...
Registered in 0.000654 seconds.
Begin MonoManager ReloadAssembly
Native extension for OSXStandalone target not found
Refreshing native plugins compatible for Editor in 0.44 ms, found 2 plugins.
Preloading 0 native plugins for Editor in 0.00 ms.
Mono: successfully reloaded assembly
- Completed reload, in  1.218 seconds
Platform modules already initialized, skipping
Refreshing native plugins compatible for Editor in 0.45 ms, found 2 plugins.
Preloading 0 native plugins for Editor in 0.00 ms.
Unloading 1992 Unused Serialized files (Serialized files now loaded: 0)
System memory in use before: 160.9 MB.
System memory in use after: 160.9 MB.

Unloading 13 unused Assets to reduce memory usage. Loaded Objects now: 2492.
Total: 2.177776 ms (FindLiveObjects: 0.200256 ms CreateObjectMapping: 0.072051 ms MarkObjects: 1.797273 ms  DeleteObjects: 0.107412 ms)

========================================================================
Received Prepare
Registering precompiled user dll's ...
Registered in 0.000607 seconds.
Begin MonoManager ReloadAssembly
Native extension for OSXStandalone target not found
Refreshing native plugins compatible for Editor in 0.48 ms, found 2 plugins.
Preloading 0 native plugins for Editor in 0.00 ms.
Mono: successfully reloaded assembly
- Completed reload, in  1.183 seconds
Platform modules already initialized, skipping
Refreshing native plugins compatible for Editor in 0.48 ms, found 2 plugins.
Preloading 0 native plugins for Editor in 0.00 ms.
Unloading 1992 Unused Serialized files (Serialized files now loaded: 0)
System memory in use before: 161.0 MB.
System memory in use after: 161.0 MB.

Unloading 13 unused Assets to reduce memory usage. Loaded Objects now: 2496.
Total: 2.661042 ms (FindLiveObjects: 0.193969 ms CreateObjectMapping: 0.076892 ms MarkObjects: 2.210660 ms  DeleteObjects: 0.178432 ms)

========================================================================
Received Prepare
Registering precompiled user dll's ...
Registered in 0.002489 seconds.
Begin MonoManager ReloadAssembly
Native extension for OSXStandalone target not found
Refreshing native plugins compatible for Editor in 0.45 ms, found 2 plugins.
Preloading 0 native plugins for Editor in 0.00 ms.
Mono: successfully reloaded assembly
- Completed reload, in  1.732 seconds
Platform modules already initialized, skipping
Refreshing native plugins compatible for Editor in 0.68 ms, found 2 plugins.
Preloading 0 native plugins for Editor in 0.00 ms.
Unloading 1992 Unused Serialized files (Serialized files now loaded: 0)
System memory in use before: 161.2 MB.
System memory in use after: 161.2 MB.

Unloading 13 unused Assets to reduce memory usage. Loaded Objects now: 2500.
Total: 3.264282 ms (FindLiveObjects: 0.825487 ms CreateObjectMapping: 0.131740 ms MarkObjects: 2.160898 ms  DeleteObjects: 0.145314 ms)

========================================================================
Received Import Request.
  Time since last request: 23781.596077 seconds.
  path: Assets/TimeSystem/GameClock.cs
  artifactKey: Guid(28c018d05bd34497c810ee8df76f066b) Importer(815301076,1909f56bfc062723c751e8b465ee728b)
Start importing Assets/TimeSystem/GameClock.cs using Guid(28c018d05bd34497c810ee8df76f066b) Importer(815301076,1909f56bfc062723c751e8b465ee728b)  -> (artifact id: 'fcfacb42ea44a9093e2463c3459ac806') in 0.029673 seconds
  Import took 0.039422 seconds .

========================================================================
Received Prepare
Registering precompiled user dll's ...
Registered in 0.001395 seconds.
Begin MonoManager ReloadAssembly
Native extension for OSXStandalone target not found
Refreshing native plugins compatible for Editor in 0.44 ms, found 2 plugins.
Preloading 0 native plugins for Editor in 0.00 ms.
Mono: successfully reloaded assembly
- Completed reload, in  1.233 seconds
Platform modules already initialized, skipping
Refreshing native plugins compatible for Editor in 0.53 ms, found 2 plugins.
Preloading 0 native plugins for Editor in 0.00 ms.
Unloading 1993 Unused Serialized files (Serialized files now loaded: 0)
System memory in use before: 161.4 MB.
System memory in use after: 161.4 MB.

Unloading 13 unused Assets to reduce memory usage. Loaded Objects now: 2505.
Total: 2.134571 ms (FindLiveObjects: 0.211837 ms CreateObjectMapping: 0.070192 ms MarkObjects: 1.729630 ms  DeleteObjects: 0.121934 ms)

========================================================================
Received Prepare
Registering precompiled user dll's ...
Registered in 0.001342 seconds.
Begin MonoManager ReloadAssembly
Native extension for OSXStandalone target not found
Refreshing native plugins compatible for Editor in 1.08 ms, found 2 plugins.
Preloading 0 native plugins for Editor in 0.00 ms.
Mono: successfully reloaded assembly
- Completed reload, in  1.851 seconds
Platform modules already initialized, skipping
Refreshing native plugins compatible for Editor in 0.50 ms, found 2 plugins.
Preloading 0 native plugins for Editor in 0.00 ms.
Unloading 1993 Unused Serialized files (Serialized files now loaded: 0)
System memory in use before: 161.8 MB.
System memory in use after: 161.7 MB.

Unloading 13 unused Assets to reduce memory usage. Loaded Objects now: 2509.
Total: 3.209343 ms (FindLiveObjects: 0.421632 ms CreateObjectMapping: 0.173493 ms MarkObjects: 2.407306 ms  DeleteObjects: 0.205675 ms)

========================================================================
Received Import Request.
  Time since last request: 1083.767361 seconds.
  path: Assets/TimeSystem/GameClock.cs
  artifactKey: Guid(28c018d05bd34497c810ee8df76f066b) Importer(815301076,1909f56bfc062723c751e8b465ee728b)
Start importing Assets/TimeSystem/GameClock.cs using Guid(28c018d05bd34497c810ee8df76f066b) Importer(815301076,1909f56bfc062723c751e8b465ee728b)  -> (artifact id: 'd1084cc469584b909cf5550904767868') in 0.013216 seconds
  Import took 0.018913 seconds .

========================================================================
Received Import Request.
  Time since last request: 28.951785 seconds.
  path: Assets/Script/PlayerController.cs
  artifactKey: Guid(b3dbedeef68be4fee8186f6f93bb0ff0) Importer(815301076,1909f56bfc062723c751e8b465ee728b)
Start importing Assets/Script/PlayerController.cs using Guid(b3dbedeef68be4fee8186f6f93bb0ff0) Importer(815301076,1909f56bfc062723c751e8b465ee728b)  -> (artifact id: 'c6ad692ed25fa73e783c13043ffd6427') in 0.005225 seconds
  Import took 0.009947 seconds .

========================================================================
Received Import Request.
  Time since last request: 0.003408 seconds.
  path: Assets/Script/PlayerController.cs
  artifactKey: Guid(b3dbedeef68be4fee8186f6f93bb0ff0) Importer(815301076,1909f56bfc062723c751e8b465ee728b)
Start importing Assets/Script/PlayerController.cs using Guid(b3dbedeef68be4fee8186f6f93bb0ff0) Importer(815301076,1909f56bfc062723c751e8b465ee728b)  -> (artifact id: 'c6ad692ed25fa73e783c13043ffd6427') in 0.005497 seconds
  Import took 0.010794 seconds .

========================================================================
Received Import Request.
  Time since last request: 1473.291685 seconds.
  path: Assets/Sprites/clock.png
  artifactKey: Guid(56aa24ab516604daab7bb2a639eff283) Importer(815301076,1909f56bfc062723c751e8b465ee728b)
Start importing Assets/Sprites/clock.png using Guid(56aa24ab516604daab7bb2a639eff283) Importer(815301076,1909f56bfc062723c751e8b465ee728b)  -> (artifact id: 'f5157cdfc0b206961f7c208adbd1ca9b') in 0.776936 seconds
  Import took 0.806899 seconds .

========================================================================
Received Prepare
Registering precompiled user dll's ...
Registered in 0.001938 seconds.
Begin MonoManager ReloadAssembly
Native extension for OSXStandalone target not found
Refreshing native plugins compatible for Editor in 0.77 ms, found 2 plugins.
Preloading 0 native plugins for Editor in 0.00 ms.
Mono: successfully reloaded assembly
- Completed reload, in  1.741 seconds
Platform modules already initialized, skipping
Refreshing native plugins compatible for Editor in 0.70 ms, found 2 plugins.
Preloading 0 native plugins for Editor in 0.00 ms.
Unloading 1993 Unused Serialized files (Serialized files now loaded: 0)
System memory in use before: 169.3 MB.
System memory in use after: 169.3 MB.

Unloading 13 unused Assets to reduce memory usage. Loaded Objects now: 2519.
Total: 2.529988 ms (FindLiveObjects: 0.298381 ms CreateObjectMapping: 0.108626 ms MarkObjects: 1.993622 ms  DeleteObjects: 0.128111 ms)

========================================================================
Received Prepare
Registering precompiled user dll's ...
Registered in 0.002654 seconds.
Begin MonoManager ReloadAssembly
Native extension for OSXStandalone target not found
Refreshing native plugins compatible for Editor in 0.57 ms, found 2 plugins.
Preloading 0 native plugins for Editor in 0.00 ms.
Mono: successfully reloaded assembly
- Completed reload, in  1.492 seconds
Platform modules already initialized, skipping
Refreshing native plugins compatible for Editor in 0.46 ms, found 2 plugins.
Preloading 0 native plugins for Editor in 0.00 ms.
Unloading 1993 Unused Serialized files (Serialized files now loaded: 0)
System memory in use before: 169.5 MB.
System memory in use after: 169.5 MB.

Unloading 13 unused Assets to reduce memory usage. Loaded Objects now: 2523.
Total: 3.248640 ms (FindLiveObjects: 0.284772 ms CreateObjectMapping: 0.080647 ms MarkObjects: 2.653194 ms  DeleteObjects: 0.228814 ms)

========================================================================
Received Prepare
Registering precompiled user dll's ...
Registered in 0.001850 seconds.
Begin MonoManager ReloadAssembly
Native extension for OSXStandalone target not found
Refreshing native plugins compatible for Editor in 0.53 ms, found 2 plugins.
Preloading 0 native plugins for Editor in 0.00 ms.
Mono: successfully reloaded assembly
- Completed reload, in  1.288 seconds
Platform modules already initialized, skipping
Refreshing native plugins compatible for Editor in 0.52 ms, found 2 plugins.
Preloading 0 native plugins for Editor in 0.00 ms.
Unloading 1993 Unused Serialized files (Serialized files now loaded: 0)
System memory in use before: 169.7 MB.
System memory in use after: 169.7 MB.

Unloading 13 unused Assets to reduce memory usage. Loaded Objects now: 2527.
Total: 2.622073 ms (FindLiveObjects: 0.350599 ms CreateObjectMapping: 0.124740 ms MarkObjects: 2.029940 ms  DeleteObjects: 0.115612 ms)

========================================================================
Received Import Request.
  Time since last request: 4953.108011 seconds.
  path: Assets/Sprites/newclock.png
  artifactKey: Guid(ac52f0c07eeb84278bc227de94377b00) Importer(815301076,1909f56bfc062723c751e8b465ee728b)
Start importing Assets/Sprites/newclock.png using Guid(ac52f0c07eeb84278bc227de94377b00) Importer(815301076,1909f56bfc062723c751e8b465ee728b)  -> (artifact id: 'e6b7121989e296a3605a0df9b8d30d8e') in 0.123308 seconds
  Import took 0.128958 seconds .

========================================================================
Received Prepare
Registering precompiled user dll's ...
Registered in 0.001930 seconds.
Begin MonoManager ReloadAssembly
Native extension for OSXStandalone target not found
Refreshing native plugins compatible for Editor in 0.50 ms, found 2 plugins.
Preloading 0 native plugins for Editor in 0.00 ms.
Mono: successfully reloaded assembly
- Completed reload, in  1.322 seconds
Platform modules already initialized, skipping
Refreshing native plugins compatible for Editor in 0.46 ms, found 2 plugins.
Preloading 0 native plugins for Editor in 0.00 ms.
Unloading 1993 Unused Serialized files (Serialized files now loaded: 0)
System memory in use before: 169.9 MB.
System memory in use after: 169.9 MB.

Unloading 13 unused Assets to reduce memory usage. Loaded Objects now: 2532.
Total: 2.455003 ms (FindLiveObjects: 0.225705 ms CreateObjectMapping: 0.072553 ms MarkObjects: 2.020402 ms  DeleteObjects: 0.135383 ms)

========================================================================
Received Prepare
Registering precompiled user dll's ...
Registered in 0.001941 seconds.
Begin MonoManager ReloadAssembly
Native extension for OSXStandalone target not found
Refreshing native plugins compatible for Editor in 0.44 ms, found 2 plugins.
Preloading 0 native plugins for Editor in 0.00 ms.
Mono: successfully reloaded assembly
- Completed reload, in  1.420 seconds
Platform modules already initialized, skipping
Refreshing native plugins compatible for Editor in 0.47 ms, found 2 plugins.
Preloading 0 native plugins for Editor in 0.00 ms.
Unloading 1993 Unused Serialized files (Serialized files now loaded: 0)
System memory in use before: 170.2 MB.
System memory in use after: 170.2 MB.

Unloading 13 unused Assets to reduce memory usage. Loaded Objects now: 2536.
Total: 2.200380 ms (FindLiveObjects: 0.239710 ms CreateObjectMapping: 0.077794 ms MarkObjects: 1.751736 ms  DeleteObjects: 0.130105 ms)

========================================================================
Received Prepare
Registering precompiled user dll's ...
Registered in 0.001443 seconds.
Begin MonoManager ReloadAssembly
Native extension for OSXStandalone target not found
Refreshing native plugins compatible for Editor in 0.46 ms, found 2 plugins.
Preloading 0 native plugins for Editor in 0.00 ms.
Mono: successfully reloaded assembly
- Completed reload, in  1.656 seconds
Platform modules already initialized, skipping
Refreshing native plugins compatible for Editor in 0.46 ms, found 2 plugins.
Preloading 0 native plugins for Editor in 0.00 ms.
Unloading 1993 Unused Serialized files (Serialized files now loaded: 0)
System memory in use before: 170.3 MB.
System memory in use after: 170.3 MB.

Unloading 13 unused Assets to reduce memory usage. Loaded Objects now: 2540.
Total: 3.551995 ms (FindLiveObjects: 0.386930 ms CreateObjectMapping: 0.653451 ms MarkObjects: 2.387017 ms  DeleteObjects: 0.123412 ms)

========================================================================
Received Prepare
Registering precompiled user dll's ...
Registered in 0.001423 seconds.
Begin MonoManager ReloadAssembly
Native extension for OSXStandalone target not found
Refreshing native plugins compatible for Editor in 0.48 ms, found 2 plugins.
Preloading 0 native plugins for Editor in 0.00 ms.
Mono: successfully reloaded assembly
- Completed reload, in  1.787 seconds
Platform modules already initialized, skipping
Refreshing native plugins compatible for Editor in 0.44 ms, found 2 plugins.
Preloading 0 native plugins for Editor in 0.00 ms.
Unloading 1993 Unused Serialized files (Serialized files now loaded: 0)
System memory in use before: 170.5 MB.
System memory in use after: 170.5 MB.

Unloading 13 unused Assets to reduce memory usage. Loaded Objects now: 2544.
Total: 6.831968 ms (FindLiveObjects: 2.530912 ms CreateObjectMapping: 0.310210 ms MarkObjects: 3.817435 ms  DeleteObjects: 0.168546 ms)

========================================================================
Received Prepare
Registering precompiled user dll's ...
Registered in 0.000701 seconds.
Begin MonoManager ReloadAssembly
Native extension for OSXStandalone target not found
Refreshing native plugins compatible for Editor in 0.47 ms, found 2 plugins.
Preloading 0 native plugins for Editor in 0.00 ms.
Mono: successfully reloaded assembly
- Completed reload, in  1.405 seconds
Platform modules already initialized, skipping
Refreshing native plugins compatible for Editor in 0.46 ms, found 2 plugins.
Preloading 0 native plugins for Editor in 0.00 ms.
Unloading 1993 Unused Serialized files (Serialized files now loaded: 0)
System memory in use before: 170.7 MB.
System memory in use after: 170.7 MB.

Unloading 13 unused Assets to reduce memory usage. Loaded Objects now: 2548.
Total: 5.721933 ms (FindLiveObjects: 0.455599 ms CreateObjectMapping: 0.113270 ms MarkObjects: 4.289745 ms  DeleteObjects: 0.862083 ms)

========================================================================
Received Prepare
Registering precompiled user dll's ...
Registered in 0.001358 seconds.
Begin MonoManager ReloadAssembly
Native extension for OSXStandalone target not found
Refreshing native plugins compatible for Editor in 0.46 ms, found 2 plugins.
Preloading 0 native plugins for Editor in 0.00 ms.
Mono: successfully reloaded assembly
- Completed reload, in  1.437 seconds
Platform modules already initialized, skipping
Refreshing native plugins compatible for Editor in 0.88 ms, found 2 plugins.
Preloading 0 native plugins for Editor in 0.00 ms.
Unloading 1993 Unused Serialized files (Serialized files now loaded: 0)
System memory in use before: 171.0 MB.
System memory in use after: 171.0 MB.

Unloading 13 unused Assets to reduce memory usage. Loaded Objects now: 2552.
Total: 2.914975 ms (FindLiveObjects: 0.211098 ms CreateObjectMapping: 0.073563 ms MarkObjects: 1.706465 ms  DeleteObjects: 0.922999 ms)

========================================================================
Received Prepare
Registering precompiled user dll's ...
Registered in 0.000635 seconds.
Begin MonoManager ReloadAssembly
Native extension for OSXStandalone target not found
Refreshing native plugins compatible for Editor in 0.52 ms, found 2 plugins.
Preloading 0 native plugins for Editor in 0.00 ms.
Mono: successfully reloaded assembly
- Completed reload, in  1.352 seconds
Platform modules already initialized, skipping
Refreshing native plugins compatible for Editor in 0.51 ms, found 2 plugins.
Preloading 0 native plugins for Editor in 0.00 ms.
Unloading 1993 Unused Serialized files (Serialized files now loaded: 0)
System memory in use before: 171.1 MB.
System memory in use after: 171.1 MB.

Unloading 13 unused Assets to reduce memory usage. Loaded Objects now: 2556.
Total: 3.631428 ms (FindLiveObjects: 0.442746 ms CreateObjectMapping: 0.144784 ms MarkObjects: 2.295118 ms  DeleteObjects: 0.747385 ms)

========================================================================
Received Prepare
Registering precompiled user dll's ...
Registered in 0.002464 seconds.
Begin MonoManager ReloadAssembly
Native extension for OSXStandalone target not found
Refreshing native plugins compatible for Editor in 1.20 ms, found 2 plugins.
Preloading 0 native plugins for Editor in 0.00 ms.
Mono: successfully reloaded assembly
- Completed reload, in  1.509 seconds
Platform modules already initialized, skipping
Refreshing native plugins compatible for Editor in 3.27 ms, found 2 plugins.
Preloading 0 native plugins for Editor in 0.00 ms.
Unloading 1993 Unused Serialized files (Serialized files now loaded: 0)
System memory in use before: 171.3 MB.
System memory in use after: 171.3 MB.

Unloading 13 unused Assets to reduce memory usage. Loaded Objects now: 2560.
Total: 5.695362 ms (FindLiveObjects: 0.235653 ms CreateObjectMapping: 0.076889 ms MarkObjects: 2.474145 ms  DeleteObjects: 2.907077 ms)

========================================================================
Received Prepare
Registering precompiled user dll's ...
Registered in 0.000579 seconds.
Begin MonoManager ReloadAssembly
Native extension for OSXStandalone target not found
Refreshing native plugins compatible for Editor in 0.44 ms, found 2 plugins.
Preloading 0 native plugins for Editor in 0.00 ms.
Mono: successfully reloaded assembly
- Completed reload, in  1.134 seconds
Platform modules already initialized, skipping
Refreshing native plugins compatible for Editor in 0.40 ms, found 2 plugins.
Preloading 0 native plugins for Editor in 0.00 ms.
Unloading 1993 Unused Serialized files (Serialized files now loaded: 0)
System memory in use before: 171.5 MB.
System memory in use after: 171.5 MB.

Unloading 13 unused Assets to reduce memory usage. Loaded Objects now: 2564.
Total: 2.903757 ms (FindLiveObjects: 0.201445 ms CreateObjectMapping: 0.069444 ms MarkObjects: 1.682145 ms  DeleteObjects: 0.949802 ms)

========================================================================
Received Prepare
Registering precompiled user dll's ...
Registered in 0.002483 seconds.
Begin MonoManager ReloadAssembly
Native extension for OSXStandalone target not found
Refreshing native plugins compatible for Editor in 0.54 ms, found 2 plugins.
Preloading 0 native plugins for Editor in 0.00 ms.
Mono: successfully reloaded assembly
- Completed reload, in  1.283 seconds
Platform modules already initialized, skipping
Refreshing native plugins compatible for Editor in 0.69 ms, found 2 plugins.
Preloading 0 native plugins for Editor in 0.00 ms.
Unloading 1993 Unused Serialized files (Serialized files now loaded: 0)
System memory in use before: 171.7 MB.
System memory in use after: 171.7 MB.

Unloading 13 unused Assets to reduce memory usage. Loaded Objects now: 2568.
Total: 3.471455 ms (FindLiveObjects: 0.378481 ms CreateObjectMapping: 0.177883 ms MarkObjects: 2.748389 ms  DeleteObjects: 0.164889 ms)

