Using pre-set license

 COMMAND LINE ARGUMENTS:
/Applications/Unity/Hub/Editor/2020.3.8f1/Unity.app/Contents/MacOS/Unity
-adb2
-batchMode
-noUpm
-name
AssetImportWorker0
-projectPath
/Users/hoangluong/Desktop/Start
-logFile
Logs/AssetImportWorker0.log
-srvPort
53679
Successfully changed project path to: /Users/hoangluong/Desktop/Start
/Users/hoangluong/Desktop/Start
Using Asset Import Pipeline V2.
Refreshing native plugins compatible for Editor in 39.35 ms, found 2 plugins.
Preloading 0 native plugins for Editor in 0.00 ms.
Initialize engine version: 2020.3.8f1 (507919d4fff5)
[Subsystems] Discovering subsystems at path /Applications/Unity/Hub/Editor/2020.3.8f1/Unity.app/Contents/Resources/UnitySubsystems
[Subsystems] Discovering subsystems at path /Users/hoangluong/Desktop/Start/Assets
GfxDevice: creating device client; threaded=0
2021-05-29 12:30:47.514 Unity[90408:7141929] C32F391 preferred device: Intel(R) Iris(TM) Plus Graphics 640 (low power)
2021-05-29 12:30:47.514 Unity[90408:7141929] Metal devices available: 1
2021-05-29 12:30:47.514 Unity[90408:7141929] 0: Intel(R) Iris(TM) Plus Graphics 640 (low power)
2021-05-29 12:30:47.515 Unity[90408:7141929] Using device Intel(R) Iris(TM) Plus Graphics 640 (low power)
Initializing Metal device caps: Intel(R) Iris(TM) Plus Graphics 640
Initialize mono
Mono path[0] = '/Applications/Unity/Hub/Editor/2020.3.8f1/Unity.app/Contents/Managed'
Mono path[1] = '/Applications/Unity/Hub/Editor/2020.3.8f1/Unity.app/Contents/MonoBleedingEdge/lib/mono/unityjit'
Mono config path = '/Applications/Unity/Hub/Editor/2020.3.8f1/Unity.app/Contents/MonoBleedingEdge/etc'
Using monoOptions --debugger-agent=transport=dt_socket,embedding=1,server=y,suspend=n,address=127.0.0.1:56408
Begin MonoManager ReloadAssembly
Registering precompiled unity dll's ...
Register platform support module: /Applications/Unity/Hub/Editor/2020.3.8f1/Unity.app/Contents/PlaybackEngines/MacStandaloneSupport/UnityEditor.OSXStandalone.Extensions.dll
Registered in 0.000522 seconds.
Native extension for OSXStandalone target not found
Refreshing native plugins compatible for Editor in 37.92 ms, found 2 plugins.
Preloading 0 native plugins for Editor in 0.00 ms.
Mono: successfully reloaded assembly
- Completed reload, in  2.183 seconds
Platform modules already initialized, skipping
Registering precompiled user dll's ...
Registered in 0.000842 seconds.
Begin MonoManager ReloadAssembly
Native extension for OSXStandalone target not found
Refreshing native plugins compatible for Editor in 38.12 ms, found 2 plugins.
Preloading 0 native plugins for Editor in 0.00 ms.
Mono: successfully reloaded assembly
- Completed reload, in  1.202 seconds
Platform modules already initialized, skipping
========================================================================
Worker process is ready to serve import requests
Launching external process: /Applications/Unity/Hub/Editor/2020.3.8f1/Unity.app/Contents/Tools/UnityShaderCompiler
Launched and connected shader compiler UnityShaderCompiler after 0.02 seconds
Refreshing native plugins compatible for Editor in 0.38 ms, found 2 plugins.
Preloading 0 native plugins for Editor in 0.00 ms.
Unloading 1808 Unused Serialized files (Serialized files now loaded: 0)
System memory in use before: 144.4 MB.
System memory in use after: 144.4 MB.

Unloading 24 unused Assets to reduce memory usage. Loaded Objects now: 2250.
Total: 2.238046 ms (FindLiveObjects: 0.198892 ms CreateObjectMapping: 0.136092 ms MarkObjects: 1.772132 ms  DeleteObjects: 0.129920 ms)

========================================================================
Received Import Request.
  path: Packages/com.unity.2d.animation/package.json
  artifactKey: Guid(9e83c20a8293f44ec8a375d3805f477d) Importer(815301076,1909f56bfc062723c751e8b465ee728b)
Start importing Packages/com.unity.2d.animation/package.json using Guid(9e83c20a8293f44ec8a375d3805f477d) Importer(815301076,1909f56bfc062723c751e8b465ee728b)  -> (artifact id: '3115b48e40e55f180cb1a4fe2fc5e8aa') in 0.799315 seconds
  Import took 0.803290 seconds .

========================================================================
Received Import Request.
  Time since last request: 575.471051 seconds.
  path: Assets/TopDown 2D RPG BE3/Sprites/NPC Portrait.png
  artifactKey: Guid(d79edf18a76e2654a9ac99f15de8b2b3) Importer(815301076,1909f56bfc062723c751e8b465ee728b)
Start importing Assets/TopDown 2D RPG BE3/Sprites/NPC Portrait.png using Guid(d79edf18a76e2654a9ac99f15de8b2b3) Importer(815301076,1909f56bfc062723c751e8b465ee728b)  -> (artifact id: 'c63fac18fccaa1ca60cc68619e7ae427') in 0.449524 seconds
  Import took 0.469821 seconds .

========================================================================
Received Import Request.
  Time since last request: 0.000218 seconds.
  path: Assets/TopDown 2D RPG BE3/Sprites/Tiles.png
  artifactKey: Guid(dc747d0a3cdf6594f9f275fdd2a48b4b) Importer(815301076,1909f56bfc062723c751e8b465ee728b)
Start importing Assets/TopDown 2D RPG BE3/Sprites/Tiles.png using Guid(dc747d0a3cdf6594f9f275fdd2a48b4b) Importer(815301076,1909f56bfc062723c751e8b465ee728b)  -> (artifact id: '968b847d7ad38b412172584f4b9b8c04') in 0.118915 seconds
  Import took 0.122599 seconds .

========================================================================
Received Import Request.
  Time since last request: 0.000198 seconds.
  path: Assets/TopDown 2D RPG BE3/Sprites/NPC.png
  artifactKey: Guid(2f90eb840bd0cf4438d49759bc08d718) Importer(815301076,1909f56bfc062723c751e8b465ee728b)
Start importing Assets/TopDown 2D RPG BE3/Sprites/NPC.png using Guid(2f90eb840bd0cf4438d49759bc08d718) Importer(815301076,1909f56bfc062723c751e8b465ee728b)  -> (artifact id: '5e29247b447551a6361db9e349416344') in 0.014049 seconds
  Import took 0.017136 seconds .

========================================================================
Received Import Request.
  Time since last request: 0.000184 seconds.
  path: Assets/TopDown 2D RPG BE3/Sprites/Objects.png
  artifactKey: Guid(20d6cce5c7ac33b4e97f0f98a09aa347) Importer(815301076,1909f56bfc062723c751e8b465ee728b)
Start importing Assets/TopDown 2D RPG BE3/Sprites/Objects.png using Guid(20d6cce5c7ac33b4e97f0f98a09aa347) Importer(815301076,1909f56bfc062723c751e8b465ee728b)  -> (artifact id: 'a93df2a735281de981a3e2a6154afbe4') in 0.106667 seconds
  Import took 0.111122 seconds .

========================================================================
Received Import Request.
  Time since last request: 0.000248 seconds.
  path: Assets/TopDown 2D RPG BE3/Sprites/Player.png
  artifactKey: Guid(23748c298f885bf4c89671f6d30f562b) Importer(815301076,1909f56bfc062723c751e8b465ee728b)
Start importing Assets/TopDown 2D RPG BE3/Sprites/Player.png using Guid(23748c298f885bf4c89671f6d30f562b) Importer(815301076,1909f56bfc062723c751e8b465ee728b)  -> (artifact id: '72497c8cacf340364abdba91f3a1ff18') in 0.092551 seconds
  Import took 0.096854 seconds .

========================================================================
Received Import Request.
  Time since last request: 0.000203 seconds.
  path: Assets/TopDown 2D RPG BE3/Sprites/User Interface.png
  artifactKey: Guid(1c9bc0d104c01934da10d4333b9dc48b) Importer(815301076,1909f56bfc062723c751e8b465ee728b)
Start importing Assets/TopDown 2D RPG BE3/Sprites/User Interface.png using Guid(1c9bc0d104c01934da10d4333b9dc48b) Importer(815301076,1909f56bfc062723c751e8b465ee728b)  -> (artifact id: '93f812909b03daacf140df38ce31ac95') in 0.054433 seconds
  Import took 0.058859 seconds .

========================================================================
Received Import Request.
  Time since last request: 33.421508 seconds.
  path: Assets/TopDown 2D RPG BE3/Sprites/New Palette.prefab
  artifactKey: Guid(d443a0f009d2f43e096e79c1a9cc2427) Importer(815301076,1909f56bfc062723c751e8b465ee728b)
Start importing Assets/TopDown 2D RPG BE3/Sprites/New Palette.prefab using Guid(d443a0f009d2f43e096e79c1a9cc2427) Importer(815301076,1909f56bfc062723c751e8b465ee728b)  -> (artifact id: 'a1039c2e229fcddf8e2db6cd6080c579') in 0.344401 seconds
  Import took 0.348864 seconds .

========================================================================
Received Import Request.
  Time since last request: 16.924159 seconds.
  path: Assets/TopDown 2D RPG BE3/Sprites/Gress 0.asset
  artifactKey: Guid(f09e9e21d29984ffd9c4025738b41094) Importer(815301076,1909f56bfc062723c751e8b465ee728b)
Start importing Assets/TopDown 2D RPG BE3/Sprites/Gress 0.asset using Guid(f09e9e21d29984ffd9c4025738b41094) Importer(815301076,1909f56bfc062723c751e8b465ee728b)  -> (artifact id: '000b3d96cec1857e733e9fcf3a907944') in 0.281381 seconds
  Import took 0.285086 seconds .

========================================================================
Received Import Request.
  Time since last request: 0.000197 seconds.
  path: Assets/TopDown 2D RPG BE3/Sprites/Gress 2.asset
  artifactKey: Guid(9247ae5af9aec41b0831823fe6e4620d) Importer(815301076,1909f56bfc062723c751e8b465ee728b)
Start importing Assets/TopDown 2D RPG BE3/Sprites/Gress 2.asset using Guid(9247ae5af9aec41b0831823fe6e4620d) Importer(815301076,1909f56bfc062723c751e8b465ee728b)  -> (artifact id: 'ea0a9c8d2e0f380e1b64d2c5776f69fd') in 0.014011 seconds
  Import took 0.044841 seconds .

========================================================================
Received Import Request.
  Time since last request: 0.000256 seconds.
  path: Assets/TopDown 2D RPG BE3/Sprites/Water 5.asset
  artifactKey: Guid(b9f646934f5cf4a5ca691fc2cdc9ec34) Importer(815301076,1909f56bfc062723c751e8b465ee728b)
Start importing Assets/TopDown 2D RPG BE3/Sprites/Water 5.asset using Guid(b9f646934f5cf4a5ca691fc2cdc9ec34) Importer(815301076,1909f56bfc062723c751e8b465ee728b)  -> (artifact id: '99df286a6cd8d6b1a8b4e4f280f9494f') in 0.065455 seconds
  Import took 0.070822 seconds .

========================================================================
Received Import Request.
  Time since last request: 0.000260 seconds.
  path: Assets/TopDown 2D RPG BE3/Sprites/Water 4.asset
  artifactKey: Guid(f1d920462bde24a53ab5e12f28e8fb51) Importer(815301076,1909f56bfc062723c751e8b465ee728b)
Start importing Assets/TopDown 2D RPG BE3/Sprites/Water 4.asset using Guid(f1d920462bde24a53ab5e12f28e8fb51) Importer(815301076,1909f56bfc062723c751e8b465ee728b)  -> (artifact id: 'dbe08bbf491eeb978c7b7c721c86deb9') in 0.016512 seconds
  Import took 0.020593 seconds .

========================================================================
Received Import Request.
  Time since last request: 0.000244 seconds.
  path: Assets/TopDown 2D RPG BE3/Sprites/Wall 3.asset
  artifactKey: Guid(305714dcdb1a54924b23b3460ba5760b) Importer(815301076,1909f56bfc062723c751e8b465ee728b)
Start importing Assets/TopDown 2D RPG BE3/Sprites/Wall 3.asset using Guid(305714dcdb1a54924b23b3460ba5760b) Importer(815301076,1909f56bfc062723c751e8b465ee728b)  -> (artifact id: 'df18b97aef3a6ab7fe63a34b991f7f02') in 0.010287 seconds
  Import took 0.015598 seconds .

========================================================================
Received Import Request.
  Time since last request: 0.000230 seconds.
  path: Assets/TopDown 2D RPG BE3/Sprites/Soil 2.asset
  artifactKey: Guid(c843a7d1e0f064decb0511951d422aeb) Importer(815301076,1909f56bfc062723c751e8b465ee728b)
Start importing Assets/TopDown 2D RPG BE3/Sprites/Soil 2.asset using Guid(c843a7d1e0f064decb0511951d422aeb) Importer(815301076,1909f56bfc062723c751e8b465ee728b)  -> (artifact id: 'ef89c4c3913808bc3355d0d68d1b1a81') in 0.014264 seconds
  Import took 0.017686 seconds .

========================================================================
Received Import Request.
  Time since last request: 0.000249 seconds.
  path: Assets/TopDown 2D RPG BE3/Sprites/Soil 3.asset
  artifactKey: Guid(7f3061efc7c264e4db29031a6a7c659a) Importer(815301076,1909f56bfc062723c751e8b465ee728b)
Start importing Assets/TopDown 2D RPG BE3/Sprites/Soil 3.asset using Guid(7f3061efc7c264e4db29031a6a7c659a) Importer(815301076,1909f56bfc062723c751e8b465ee728b)  -> (artifact id: 'e74f30b640de625548ef405991f1ebbb') in 0.010365 seconds
  Import took 0.016518 seconds .

========================================================================
Received Import Request.
  Time since last request: 0.000228 seconds.
  path: Assets/TopDown 2D RPG BE3/Sprites/Gress 3.asset
  artifactKey: Guid(190c2b52d8f034b5ba83249a62ac567f) Importer(815301076,1909f56bfc062723c751e8b465ee728b)
Start importing Assets/TopDown 2D RPG BE3/Sprites/Gress 3.asset using Guid(190c2b52d8f034b5ba83249a62ac567f) Importer(815301076,1909f56bfc062723c751e8b465ee728b)  -> (artifact id: '08085beaf918c5d92ca01d49d32d6d7f') in 0.010058 seconds
  Import took 0.016907 seconds .

========================================================================
Received Import Request.
  Time since last request: 0.000193 seconds.
  path: Assets/TopDown 2D RPG BE3/Sprites/Gress 4.asset
  artifactKey: Guid(d2d045f98da74422c9c22a1168f6867b) Importer(815301076,1909f56bfc062723c751e8b465ee728b)
Start importing Assets/TopDown 2D RPG BE3/Sprites/Gress 4.asset using Guid(d2d045f98da74422c9c22a1168f6867b) Importer(815301076,1909f56bfc062723c751e8b465ee728b)  -> (artifact id: '5b3f9bfea9bbe6f40cb65e9384be8398') in 0.011671 seconds
  Import took 0.020514 seconds .

========================================================================
Received Import Request.
  Time since last request: 0.000220 seconds.
  path: Assets/TopDown 2D RPG BE3/Sprites/Gress 6.asset
  artifactKey: Guid(a3dd8376f33404bd29868b9c167a6764) Importer(815301076,1909f56bfc062723c751e8b465ee728b)
Start importing Assets/TopDown 2D RPG BE3/Sprites/Gress 6.asset using Guid(a3dd8376f33404bd29868b9c167a6764) Importer(815301076,1909f56bfc062723c751e8b465ee728b)  -> (artifact id: '3dea0c17c6ed0553737703b84d101eb6') in 0.009574 seconds
  Import took 0.016200 seconds .

========================================================================
Received Import Request.
  Time since last request: 0.000241 seconds.
  path: Assets/TopDown 2D RPG BE3/Sprites/Soil 1.asset
  artifactKey: Guid(e9e327fcb61544669a3e54f6f00f7117) Importer(815301076,1909f56bfc062723c751e8b465ee728b)
Start importing Assets/TopDown 2D RPG BE3/Sprites/Soil 1.asset using Guid(e9e327fcb61544669a3e54f6f00f7117) Importer(815301076,1909f56bfc062723c751e8b465ee728b)  -> (artifact id: 'ccb1fba287133159e7be689938340435') in 0.008470 seconds
  Import took 0.012632 seconds .

========================================================================
Received Import Request.
  Time since last request: 0.000217 seconds.
  path: Assets/TopDown 2D RPG BE3/Sprites/Soil 4.asset
  artifactKey: Guid(4378e4c1ac81b4c4bad58673f764fe35) Importer(815301076,1909f56bfc062723c751e8b465ee728b)
Start importing Assets/TopDown 2D RPG BE3/Sprites/Soil 4.asset using Guid(4378e4c1ac81b4c4bad58673f764fe35) Importer(815301076,1909f56bfc062723c751e8b465ee728b)  -> (artifact id: '146886899949c7665abe6d6e5cb028a4') in 0.009729 seconds
  Import took 0.017017 seconds .

========================================================================
Received Import Request.
  Time since last request: 0.000620 seconds.
  path: Assets/TopDown 2D RPG BE3/Sprites/Water 1.asset
  artifactKey: Guid(cefae3ff567124c23a93f1412662224c) Importer(815301076,1909f56bfc062723c751e8b465ee728b)
Start importing Assets/TopDown 2D RPG BE3/Sprites/Water 1.asset using Guid(cefae3ff567124c23a93f1412662224c) Importer(815301076,1909f56bfc062723c751e8b465ee728b)  -> (artifact id: '11eef0f79360578dd2fcd272379a53f6') in 0.008561 seconds
  Import took 0.013095 seconds .

========================================================================
Received Import Request.
  Time since last request: 0.000292 seconds.
  path: Assets/TopDown 2D RPG BE3/Sprites/Soil 8.asset
  artifactKey: Guid(2f75dbab1b0e94c269fdb2bf82f345dc) Importer(815301076,1909f56bfc062723c751e8b465ee728b)
Start importing Assets/TopDown 2D RPG BE3/Sprites/Soil 8.asset using Guid(2f75dbab1b0e94c269fdb2bf82f345dc) Importer(815301076,1909f56bfc062723c751e8b465ee728b)  -> (artifact id: 'cd991f12a941bf60f52d95cd9363edd5') in 0.010230 seconds
  Import took 0.013164 seconds .

========================================================================
Received Import Request.
  Time since last request: 0.000190 seconds.
  path: Assets/TopDown 2D RPG BE3/Sprites/Soil 5.asset
  artifactKey: Guid(608626456612e432caaf0fe273fc7396) Importer(815301076,1909f56bfc062723c751e8b465ee728b)
Start importing Assets/TopDown 2D RPG BE3/Sprites/Soil 5.asset using Guid(608626456612e432caaf0fe273fc7396) Importer(815301076,1909f56bfc062723c751e8b465ee728b)  -> (artifact id: 'ae46fb4bf9ab4cb096051b508ce00c00') in 0.010121 seconds
  Import took 0.012769 seconds .

========================================================================
Received Import Request.
  Time since last request: 0.000197 seconds.
  path: Assets/TopDown 2D RPG BE3/Sprites/Soil 6.asset
  artifactKey: Guid(a7defba68a4e643a79947e6862968a37) Importer(815301076,1909f56bfc062723c751e8b465ee728b)
Start importing Assets/TopDown 2D RPG BE3/Sprites/Soil 6.asset using Guid(a7defba68a4e643a79947e6862968a37) Importer(815301076,1909f56bfc062723c751e8b465ee728b)  -> (artifact id: '439f6f820300576b94ec2028ec32baa1') in 0.008883 seconds
  Import took 0.012233 seconds .

========================================================================
Received Import Request.
  Time since last request: 0.000190 seconds.
  path: Assets/TopDown 2D RPG BE3/Sprites/Gress 1.asset
  artifactKey: Guid(6046174bc982a43c4b9bfd8764f02cc5) Importer(815301076,1909f56bfc062723c751e8b465ee728b)
Start importing Assets/TopDown 2D RPG BE3/Sprites/Gress 1.asset using Guid(6046174bc982a43c4b9bfd8764f02cc5) Importer(815301076,1909f56bfc062723c751e8b465ee728b)  -> (artifact id: '51e4bb3be4baf0413077f3b4be528b8c') in 0.008618 seconds
  Import took 0.011302 seconds .

========================================================================
Received Import Request.
  Time since last request: 0.000195 seconds.
  path: Assets/TopDown 2D RPG BE3/Sprites/Water 3.asset
  artifactKey: Guid(b19a6b11b059144ec9f1fe4ecc953725) Importer(815301076,1909f56bfc062723c751e8b465ee728b)
Start importing Assets/TopDown 2D RPG BE3/Sprites/Water 3.asset using Guid(b19a6b11b059144ec9f1fe4ecc953725) Importer(815301076,1909f56bfc062723c751e8b465ee728b)  -> (artifact id: 'b2a7748593a98ab605dfec58a3e7a33d') in 0.011879 seconds
  Import took 0.015198 seconds .

========================================================================
Received Import Request.
  Time since last request: 0.000176 seconds.
  path: Assets/TopDown 2D RPG BE3/Sprites/Soil 7.asset
  artifactKey: Guid(81dfe3c25481f480d89f0062b1d70a97) Importer(815301076,1909f56bfc062723c751e8b465ee728b)
Start importing Assets/TopDown 2D RPG BE3/Sprites/Soil 7.asset using Guid(81dfe3c25481f480d89f0062b1d70a97) Importer(815301076,1909f56bfc062723c751e8b465ee728b)  -> (artifact id: 'cd95275363def96a529adcbda6f88c90') in 0.013583 seconds
  Import took 0.017479 seconds .

========================================================================
Received Import Request.
  Time since last request: 0.000176 seconds.
  path: Assets/TopDown 2D RPG BE3/Sprites/Water 2.asset
  artifactKey: Guid(c69094ed44c084ec4970454f6d765c51) Importer(815301076,1909f56bfc062723c751e8b465ee728b)
Start importing Assets/TopDown 2D RPG BE3/Sprites/Water 2.asset using Guid(c69094ed44c084ec4970454f6d765c51) Importer(815301076,1909f56bfc062723c751e8b465ee728b)  -> (artifact id: 'a76a320536c3f54122ade110b3c7b87b') in 0.012328 seconds
  Import took 0.016183 seconds .

========================================================================
Received Import Request.
  Time since last request: 0.000206 seconds.
  path: Assets/TopDown 2D RPG BE3/Sprites/Soil 0.asset
  artifactKey: Guid(276ed2e9e029f40b5ae05f34aa764935) Importer(815301076,1909f56bfc062723c751e8b465ee728b)
Start importing Assets/TopDown 2D RPG BE3/Sprites/Soil 0.asset using Guid(276ed2e9e029f40b5ae05f34aa764935) Importer(815301076,1909f56bfc062723c751e8b465ee728b)  -> (artifact id: 'de51f41c41633ddc981755c3c6cc6377') in 0.015549 seconds
  Import took 0.021823 seconds .

========================================================================
Received Import Request.
  Time since last request: 0.000210 seconds.
  path: Assets/TopDown 2D RPG BE3/Sprites/Water 0.asset
  artifactKey: Guid(06978b9c3c69e4d05850d8e2b48f09b7) Importer(815301076,1909f56bfc062723c751e8b465ee728b)
Start importing Assets/TopDown 2D RPG BE3/Sprites/Water 0.asset using Guid(06978b9c3c69e4d05850d8e2b48f09b7) Importer(815301076,1909f56bfc062723c751e8b465ee728b)  -> (artifact id: '4fcf2ec7414fe634a44ee2d482240358') in 0.024628 seconds
  Import took 0.028399 seconds .

========================================================================
Received Import Request.
  Time since last request: 0.000192 seconds.
  path: Assets/TopDown 2D RPG BE3/Sprites/Wall 2.asset
  artifactKey: Guid(bec224000c03c4abc8e8c6ef7f88a7e7) Importer(815301076,1909f56bfc062723c751e8b465ee728b)
Start importing Assets/TopDown 2D RPG BE3/Sprites/Wall 2.asset using Guid(bec224000c03c4abc8e8c6ef7f88a7e7) Importer(815301076,1909f56bfc062723c751e8b465ee728b)  -> (artifact id: '632f4b1751642a357c388ceab96562f1') in 0.026489 seconds
  Import took 0.029434 seconds .

========================================================================
Received Import Request.
  Time since last request: 0.000213 seconds.
  path: Assets/TopDown 2D RPG BE3/Sprites/Wall 0.asset
  artifactKey: Guid(fcc33180c2e6a4b27b2013f74ea70234) Importer(815301076,1909f56bfc062723c751e8b465ee728b)
Start importing Assets/TopDown 2D RPG BE3/Sprites/Wall 0.asset using Guid(fcc33180c2e6a4b27b2013f74ea70234) Importer(815301076,1909f56bfc062723c751e8b465ee728b)  -> (artifact id: '55cd847bdceab90d2e8ec6e66e8dedb9') in 0.010016 seconds
  Import took 0.013139 seconds .

========================================================================
Received Import Request.
  Time since last request: 0.000245 seconds.
  path: Assets/TopDown 2D RPG BE3/Sprites/Gress 5.asset
  artifactKey: Guid(46615f90dc1ed467ebb62aab4c7d8f64) Importer(815301076,1909f56bfc062723c751e8b465ee728b)
Start importing Assets/TopDown 2D RPG BE3/Sprites/Gress 5.asset using Guid(46615f90dc1ed467ebb62aab4c7d8f64) Importer(815301076,1909f56bfc062723c751e8b465ee728b)  -> (artifact id: '9d87c974a09b280a4cbc489fc471dfd2') in 0.010186 seconds
  Import took 0.013615 seconds .

========================================================================
Received Import Request.
  Time since last request: 0.000220 seconds.
  path: Assets/TopDown 2D RPG BE3/Sprites/Gress 7.asset
  artifactKey: Guid(35eafd45abf664c62b3aa6c23b0a73d6) Importer(815301076,1909f56bfc062723c751e8b465ee728b)
Start importing Assets/TopDown 2D RPG BE3/Sprites/Gress 7.asset using Guid(35eafd45abf664c62b3aa6c23b0a73d6) Importer(815301076,1909f56bfc062723c751e8b465ee728b)  -> (artifact id: '355d783a3584658d4d05876eabacdfe4') in 0.008381 seconds
  Import took 0.015772 seconds .

========================================================================
Received Import Request.
  Time since last request: 0.000405 seconds.
  path: Assets/TopDown 2D RPG BE3/Sprites/New Palette.prefab
  artifactKey: Guid(d443a0f009d2f43e096e79c1a9cc2427) Importer(815301076,1909f56bfc062723c751e8b465ee728b)
Start importing Assets/TopDown 2D RPG BE3/Sprites/New Palette.prefab using Guid(d443a0f009d2f43e096e79c1a9cc2427) Importer(815301076,1909f56bfc062723c751e8b465ee728b)  -> (artifact id: '25a7c288da90da7e88cb4ba569da560d') in 0.013734 seconds
  Import took 0.018885 seconds .

========================================================================
Received Import Request.
  Time since last request: 0.000431 seconds.
  path: Assets/TopDown 2D RPG BE3/Sprites/Gress 8.asset
  artifactKey: Guid(6881e2a80224e44b7b99876f0c4ba517) Importer(815301076,1909f56bfc062723c751e8b465ee728b)
Start importing Assets/TopDown 2D RPG BE3/Sprites/Gress 8.asset using Guid(6881e2a80224e44b7b99876f0c4ba517) Importer(815301076,1909f56bfc062723c751e8b465ee728b)  -> (artifact id: 'c1f4715ba78db655dc552b98ea542458') in 0.013659 seconds
  Import took 0.017618 seconds .

========================================================================
Received Import Request.
  Time since last request: 0.000178 seconds.
  path: Assets/TopDown 2D RPG BE3/Sprites/Wall 1.asset
  artifactKey: Guid(e83dd040084fe45f2a80f604cfd6690b) Importer(815301076,1909f56bfc062723c751e8b465ee728b)
Start importing Assets/TopDown 2D RPG BE3/Sprites/Wall 1.asset using Guid(e83dd040084fe45f2a80f604cfd6690b) Importer(815301076,1909f56bfc062723c751e8b465ee728b)  -> (artifact id: '07afc9e184dc5c2a3c9587bd6a3c5118') in 0.012346 seconds
  Import took 0.016151 seconds .

========================================================================
Received Import Request.
  Time since last request: 0.000223 seconds.
  path: Assets/TopDown 2D RPG BE3/Sprites/Water 8.asset
  artifactKey: Guid(402341deb7954415a8f3a5920a94533b) Importer(815301076,1909f56bfc062723c751e8b465ee728b)
Start importing Assets/TopDown 2D RPG BE3/Sprites/Water 8.asset using Guid(402341deb7954415a8f3a5920a94533b) Importer(815301076,1909f56bfc062723c751e8b465ee728b)  -> (artifact id: 'e2101a9b8718ee7ff339475c007638c3') in 0.018070 seconds
  Import took 0.022112 seconds .

========================================================================
Received Import Request.
  Time since last request: 0.000361 seconds.
  path: Assets/TopDown 2D RPG BE3/Sprites/Wall 4.asset
  artifactKey: Guid(f9259f144157f4d29abd5d620eea8cb6) Importer(815301076,1909f56bfc062723c751e8b465ee728b)
Start importing Assets/TopDown 2D RPG BE3/Sprites/Wall 4.asset using Guid(f9259f144157f4d29abd5d620eea8cb6) Importer(815301076,1909f56bfc062723c751e8b465ee728b)  -> (artifact id: 'e7d315dadae1da8473d399c8ada3ddcc') in 0.036107 seconds
  Import took 0.042144 seconds .

========================================================================
Received Import Request.
  Time since last request: 0.000340 seconds.
  path: Assets/TopDown 2D RPG BE3/Sprites/Water 7.asset
  artifactKey: Guid(46007a7f4f4b94fecb10fd30113cfd4a) Importer(815301076,1909f56bfc062723c751e8b465ee728b)
Start importing Assets/TopDown 2D RPG BE3/Sprites/Water 7.asset using Guid(46007a7f4f4b94fecb10fd30113cfd4a) Importer(815301076,1909f56bfc062723c751e8b465ee728b)  -> (artifact id: 'efa32235a0264b892cc5f7763bbed66c') in 0.018323 seconds
  Import took 0.021479 seconds .

========================================================================
Received Import Request.
  Time since last request: 0.000193 seconds.
  path: Assets/TopDown 2D RPG BE3/Sprites/Water 6.asset
  artifactKey: Guid(605004feb786c426a8e493dbef5350f0) Importer(815301076,1909f56bfc062723c751e8b465ee728b)
Start importing Assets/TopDown 2D RPG BE3/Sprites/Water 6.asset using Guid(605004feb786c426a8e493dbef5350f0) Importer(815301076,1909f56bfc062723c751e8b465ee728b)  -> (artifact id: '87fa45e67c3df0ad28625d135e60362f') in 0.012069 seconds
  Import took 0.015109 seconds .

========================================================================
Received Prepare
Registering precompiled user dll's ...
Registered in 0.001132 seconds.
Begin MonoManager ReloadAssembly
Native extension for OSXStandalone target not found
Refreshing native plugins compatible for Editor in 0.46 ms, found 2 plugins.
Preloading 0 native plugins for Editor in 0.00 ms.
Mono: successfully reloaded assembly
- Completed reload, in  1.648 seconds
Platform modules already initialized, skipping
Refreshing native plugins compatible for Editor in 0.62 ms, found 2 plugins.
Preloading 0 native plugins for Editor in 0.00 ms.
Unloading 1803 Unused Serialized files (Serialized files now loaded: 0)
System memory in use before: 165.4 MB.
System memory in use after: 165.4 MB.

Unloading 12 unused Assets to reduce memory usage. Loaded Objects now: 2276.
Total: 2.208206 ms (FindLiveObjects: 0.235861 ms CreateObjectMapping: 0.061008 ms MarkObjects: 1.782073 ms  DeleteObjects: 0.128213 ms)

========================================================================
Received Prepare
Registering precompiled user dll's ...
Registered in 0.001399 seconds.
Begin MonoManager ReloadAssembly
Native extension for OSXStandalone target not found
Refreshing native plugins compatible for Editor in 0.62 ms, found 2 plugins.
Preloading 0 native plugins for Editor in 0.00 ms.
Mono: successfully reloaded assembly
- Completed reload, in  1.257 seconds
Platform modules already initialized, skipping
Refreshing native plugins compatible for Editor in 0.61 ms, found 2 plugins.
Preloading 0 native plugins for Editor in 0.00 ms.
Unloading 1803 Unused Serialized files (Serialized files now loaded: 0)
System memory in use before: 165.6 MB.
System memory in use after: 165.6 MB.

Unloading 12 unused Assets to reduce memory usage. Loaded Objects now: 2280.
Total: 2.049868 ms (FindLiveObjects: 0.177170 ms CreateObjectMapping: 0.053413 ms MarkObjects: 1.717078 ms  DeleteObjects: 0.101161 ms)

========================================================================
Received Import Request.
  Time since last request: 740.499752 seconds.
  path: Assets/Tasty_Characters - Forest Pack/Assets/Prefabs/Chara_00.prefab
  artifactKey: Guid(2ab8321fe1cca3049b56c26509622067) Importer(815301076,1909f56bfc062723c751e8b465ee728b)
Start importing Assets/Tasty_Characters - Forest Pack/Assets/Prefabs/Chara_00.prefab using Guid(2ab8321fe1cca3049b56c26509622067) Importer(815301076,1909f56bfc062723c751e8b465ee728b)  -> (artifact id: '66a534f3a9ff200d4cbd30b3b45cfe94') in 0.109593 seconds
  Import took 0.114940 seconds .

========================================================================
Received Import Request.
  Time since last request: 0.000280 seconds.
  path: Assets/Tasty_Characters - Forest Pack/Assets/Prefabs/Chara_06.prefab
  artifactKey: Guid(e333f712e0f4cd54694dff55e08610dc) Importer(815301076,1909f56bfc062723c751e8b465ee728b)
Start importing Assets/Tasty_Characters - Forest Pack/Assets/Prefabs/Chara_06.prefab using Guid(e333f712e0f4cd54694dff55e08610dc) Importer(815301076,1909f56bfc062723c751e8b465ee728b)  -> (artifact id: 'b0266da0adc3b1135d6278cae87455be') in 0.016398 seconds
  Import took 0.019807 seconds .

========================================================================
Received Import Request.
  Time since last request: 0.000278 seconds.
  path: Assets/Tasty_Characters - Forest Pack/Assets/Prefabs/Chara_07.prefab
  artifactKey: Guid(0b50b221a0513d8478712a57f0ae2432) Importer(815301076,1909f56bfc062723c751e8b465ee728b)
Start importing Assets/Tasty_Characters - Forest Pack/Assets/Prefabs/Chara_07.prefab using Guid(0b50b221a0513d8478712a57f0ae2432) Importer(815301076,1909f56bfc062723c751e8b465ee728b)  -> (artifact id: 'dbbd65c2a8c3a881579e4ffceb8dc522') in 0.019768 seconds
  Import took 0.023354 seconds .

========================================================================
Received Import Request.
  Time since last request: 0.000219 seconds.
  path: Assets/Tasty_Characters - Forest Pack/Assets/Prefabs/Chara_04.prefab
  artifactKey: Guid(e9aca9fd5af816747b70d3de5e00a397) Importer(815301076,1909f56bfc062723c751e8b465ee728b)
Start importing Assets/Tasty_Characters - Forest Pack/Assets/Prefabs/Chara_04.prefab using Guid(e9aca9fd5af816747b70d3de5e00a397) Importer(815301076,1909f56bfc062723c751e8b465ee728b)  -> (artifact id: '2685b007d50cbb9df3ab3c67979eaba6') in 0.028727 seconds
  Import took 0.032642 seconds .

========================================================================
Received Import Request.
  Time since last request: 0.000210 seconds.
  path: Assets/Tasty_Characters - Forest Pack/Assets/Prefabs/Chara_11.prefab
  artifactKey: Guid(efa51e2c87944684bb2a00c2fb21142d) Importer(815301076,1909f56bfc062723c751e8b465ee728b)
Start importing Assets/Tasty_Characters - Forest Pack/Assets/Prefabs/Chara_11.prefab using Guid(efa51e2c87944684bb2a00c2fb21142d) Importer(815301076,1909f56bfc062723c751e8b465ee728b)  -> (artifact id: 'c2d720b4ba3f9bc2a5a9e47bf1acb080') in 0.029497 seconds
  Import took 0.033116 seconds .

========================================================================
Received Import Request.
  Time since last request: 0.000189 seconds.
  path: Assets/Tasty_Characters - Forest Pack/Assets/Prefabs/Chara_12.prefab
  artifactKey: Guid(2959c4ab942d0fc48be373a20d14f013) Importer(815301076,1909f56bfc062723c751e8b465ee728b)
Start importing Assets/Tasty_Characters - Forest Pack/Assets/Prefabs/Chara_12.prefab using Guid(2959c4ab942d0fc48be373a20d14f013) Importer(815301076,1909f56bfc062723c751e8b465ee728b)  -> (artifact id: '75cb801d5f33895b4b28d1ef42bae54c') in 0.030171 seconds
  Import took 0.034069 seconds .

========================================================================
Received Import Request.
  Time since last request: 0.000391 seconds.
  path: Assets/Tasty_Characters - Forest Pack/Assets/Prefabs/Chara_14.prefab
  artifactKey: Guid(513a08669601e7e4a8e38fcaf714c18a) Importer(815301076,1909f56bfc062723c751e8b465ee728b)
Start importing Assets/Tasty_Characters - Forest Pack/Assets/Prefabs/Chara_14.prefab using Guid(513a08669601e7e4a8e38fcaf714c18a) Importer(815301076,1909f56bfc062723c751e8b465ee728b)  -> (artifact id: 'd9ead1ae7208b909988471db2f6d40d6') in 0.022119 seconds
  Import took 0.027178 seconds .

========================================================================
Received Import Request.
  Time since last request: 0.000190 seconds.
  path: Assets/Tasty_Characters - Forest Pack/Assets/Prefabs/Chara_05.prefab
  artifactKey: Guid(40f14f46c517bfd4f9bf2e1d81247bc6) Importer(815301076,1909f56bfc062723c751e8b465ee728b)
Start importing Assets/Tasty_Characters - Forest Pack/Assets/Prefabs/Chara_05.prefab using Guid(40f14f46c517bfd4f9bf2e1d81247bc6) Importer(815301076,1909f56bfc062723c751e8b465ee728b)  -> (artifact id: '3a84969c0567cc533846a09e2d61b8aa') in 0.017907 seconds
  Import took 0.021062 seconds .

========================================================================
Received Import Request.
  Time since last request: 0.000210 seconds.
  path: Assets/Tasty_Characters - Forest Pack/Assets/Prefabs/Chara_15.prefab
  artifactKey: Guid(37ee29af06da16e49b0a52386580d035) Importer(815301076,1909f56bfc062723c751e8b465ee728b)
Start importing Assets/Tasty_Characters - Forest Pack/Assets/Prefabs/Chara_15.prefab using Guid(37ee29af06da16e49b0a52386580d035) Importer(815301076,1909f56bfc062723c751e8b465ee728b)  -> (artifact id: '7b6161abd0031e4ec77496ae388e59dc') in 0.024893 seconds
  Import took 0.028390 seconds .

========================================================================
Received Import Request.
  Time since last request: 0.000207 seconds.
  path: Assets/Tasty_Characters - Forest Pack/Assets/Prefabs/Chara_08.prefab
  artifactKey: Guid(3658b709125fc2041a7e1693380ef76b) Importer(815301076,1909f56bfc062723c751e8b465ee728b)
Start importing Assets/Tasty_Characters - Forest Pack/Assets/Prefabs/Chara_08.prefab using Guid(3658b709125fc2041a7e1693380ef76b) Importer(815301076,1909f56bfc062723c751e8b465ee728b)  -> (artifact id: '11faeaede097778c4dc27e668d85fd70') in 0.024252 seconds
  Import took 0.027787 seconds .

========================================================================
Received Import Request.
  Time since last request: 0.000231 seconds.
  path: Assets/Tasty_Characters - Forest Pack/Assets/Prefabs/Chara_13.prefab
  artifactKey: Guid(1592a01ba2b92644bbefab27fc295fcb) Importer(815301076,1909f56bfc062723c751e8b465ee728b)
Start importing Assets/Tasty_Characters - Forest Pack/Assets/Prefabs/Chara_13.prefab using Guid(1592a01ba2b92644bbefab27fc295fcb) Importer(815301076,1909f56bfc062723c751e8b465ee728b)  -> (artifact id: 'be5aff0f8a6ddecb2072d29ff28e12ec') in 0.026017 seconds
  Import took 0.070716 seconds .

========================================================================
Received Import Request.
  Time since last request: 0.000202 seconds.
  path: Assets/Tasty_Characters - Forest Pack/Assets/Prefabs/Chara_09.prefab
  artifactKey: Guid(fabe0c86f03e51842b4b9eb28255180d) Importer(815301076,1909f56bfc062723c751e8b465ee728b)
Start importing Assets/Tasty_Characters - Forest Pack/Assets/Prefabs/Chara_09.prefab using Guid(fabe0c86f03e51842b4b9eb28255180d) Importer(815301076,1909f56bfc062723c751e8b465ee728b)  -> (artifact id: '7e2ad5f2c4f817909006d2ba5d3d774e') in 0.028156 seconds
  Import took 0.031849 seconds .

========================================================================
Received Import Request.
  Time since last request: 0.000253 seconds.
  path: Assets/Tasty_Characters - Forest Pack/Assets/Prefabs/Chara_03.prefab
  artifactKey: Guid(ba91827772c36b440ab61f47c756e0f7) Importer(815301076,1909f56bfc062723c751e8b465ee728b)
Start importing Assets/Tasty_Characters - Forest Pack/Assets/Prefabs/Chara_03.prefab using Guid(ba91827772c36b440ab61f47c756e0f7) Importer(815301076,1909f56bfc062723c751e8b465ee728b)  -> (artifact id: '296690166b5c33e289a7520d778f2ce4') in 0.032109 seconds
  Import took 0.037467 seconds .

========================================================================
Received Import Request.
  Time since last request: 0.000196 seconds.
  path: Assets/Tasty_Characters - Forest Pack/Assets/Prefabs/Chara_10.prefab
  artifactKey: Guid(e5cb27b0420804e41a0f1be6d053e93a) Importer(815301076,1909f56bfc062723c751e8b465ee728b)
Start importing Assets/Tasty_Characters - Forest Pack/Assets/Prefabs/Chara_10.prefab using Guid(e5cb27b0420804e41a0f1be6d053e93a) Importer(815301076,1909f56bfc062723c751e8b465ee728b)  -> (artifact id: '0017a3b0c6569e1c209c97eb9218271a') in 0.034626 seconds
  Import took 0.041586 seconds .

========================================================================
Received Import Request.
  Time since last request: 0.000833 seconds.
  path: Assets/Tasty_Characters - Forest Pack/Assets/Prefabs/Chara_02.prefab
  artifactKey: Guid(f31fb566307b463498f311cee18dac07) Importer(815301076,1909f56bfc062723c751e8b465ee728b)
Start importing Assets/Tasty_Characters - Forest Pack/Assets/Prefabs/Chara_02.prefab using Guid(f31fb566307b463498f311cee18dac07) Importer(815301076,1909f56bfc062723c751e8b465ee728b)  -> (artifact id: '64e0051239253790126d4c2feec9c3f8') in 0.024674 seconds
  Import took 0.031711 seconds .

========================================================================
Received Import Request.
  Time since last request: 0.000246 seconds.
  path: Assets/Tasty_Characters - Forest Pack/Assets/Prefabs/Chara_01.prefab
  artifactKey: Guid(a8a128c7bf0083645ae7193d0cb46d2d) Importer(815301076,1909f56bfc062723c751e8b465ee728b)
Start importing Assets/Tasty_Characters - Forest Pack/Assets/Prefabs/Chara_01.prefab using Guid(a8a128c7bf0083645ae7193d0cb46d2d) Importer(815301076,1909f56bfc062723c751e8b465ee728b)  -> (artifact id: '666e8ae00fd20575991234c6d4a7e507') in 0.017898 seconds
  Import took 0.022484 seconds .

========================================================================
Received Import Request.
  Time since last request: 68.932994 seconds.
  path: ProjectSettings/TagManager.asset
  artifactKey: Guid(00000000000000003000000000000000) Importer(815301076,1909f56bfc062723c751e8b465ee728b)
Start importing ProjectSettings/TagManager.asset using Guid(00000000000000003000000000000000) Importer(815301076,1909f56bfc062723c751e8b465ee728b)  -> (artifact id: '95df672b4aaba54310d34c83eef51bb8') in 0.010327 seconds
  Import took 0.013893 seconds .

========================================================================
Received Import Request.
  Time since last request: 0.005104 seconds.
  path: ProjectSettings/TagManager.asset
  artifactKey: Guid(00000000000000003000000000000000) Importer(815301076,1909f56bfc062723c751e8b465ee728b)
Start importing ProjectSettings/TagManager.asset using Guid(00000000000000003000000000000000) Importer(815301076,1909f56bfc062723c751e8b465ee728b)  -> (artifact id: '95df672b4aaba54310d34c83eef51bb8') in 0.005955 seconds
  Import took 0.009553 seconds .

========================================================================
Received Prepare
Registering precompiled user dll's ...
Registered in 0.001941 seconds.
Begin MonoManager ReloadAssembly
Native extension for OSXStandalone target not found
Refreshing native plugins compatible for Editor in 0.40 ms, found 2 plugins.
Preloading 0 native plugins for Editor in 0.00 ms.
Mono: successfully reloaded assembly
- Completed reload, in  1.384 seconds
Platform modules already initialized, skipping
Refreshing native plugins compatible for Editor in 0.39 ms, found 2 plugins.
Preloading 0 native plugins for Editor in 0.00 ms.
Unloading 1803 Unused Serialized files (Serialized files now loaded: 0)
System memory in use before: 167.0 MB.
System memory in use after: 166.9 MB.

Unloading 14 unused Assets to reduce memory usage. Loaded Objects now: 2289.
Total: 4.106549 ms (FindLiveObjects: 0.184304 ms CreateObjectMapping: 0.057002 ms MarkObjects: 2.096472 ms  DeleteObjects: 1.767787 ms)

========================================================================
Received Import Request.
  Time since last request: 126.831194 seconds.
  path: Assets/Tasty_Characters - Forest Pack/Assets/Textures/Forest_Background.jpg
  artifactKey: Guid(23c688f522319384eb94528564735374) Importer(815301076,1909f56bfc062723c751e8b465ee728b)
Start importing Assets/Tasty_Characters - Forest Pack/Assets/Textures/Forest_Background.jpg using Guid(23c688f522319384eb94528564735374) Importer(815301076,1909f56bfc062723c751e8b465ee728b)  -> (artifact id: '9ba84d7ac720226c9420bb83c91a5a59') in 0.530682 seconds
  Import took 0.534974 seconds .

========================================================================
Received Import Request.
  Time since last request: 0.000266 seconds.
  path: Assets/Tasty_Characters - Forest Pack/Assets/Textures/PackForest01.png
  artifactKey: Guid(b08e570699f1c8a4f9cc388204aef3bc) Importer(815301076,1909f56bfc062723c751e8b465ee728b)
Start importing Assets/Tasty_Characters - Forest Pack/Assets/Textures/PackForest01.png using Guid(b08e570699f1c8a4f9cc388204aef3bc) Importer(815301076,1909f56bfc062723c751e8b465ee728b)  -> (artifact id: 'ef2d97edd0db5fcf09a223a7ffc470c2') in 0.306049 seconds
  Import took 0.312781 seconds .

========================================================================
Received Prepare
Registering precompiled user dll's ...
Registered in 0.001968 seconds.
Begin MonoManager ReloadAssembly
Native extension for OSXStandalone target not found
Refreshing native plugins compatible for Editor in 0.40 ms, found 2 plugins.
Preloading 0 native plugins for Editor in 0.00 ms.
Mono: successfully reloaded assembly
- Completed reload, in  1.225 seconds
Platform modules already initialized, skipping
Refreshing native plugins compatible for Editor in 0.44 ms, found 2 plugins.
Preloading 0 native plugins for Editor in 0.00 ms.
Unloading 1803 Unused Serialized files (Serialized files now loaded: 0)
System memory in use before: 172.7 MB.
System memory in use after: 172.7 MB.

Unloading 12 unused Assets to reduce memory usage. Loaded Objects now: 2457.
Total: 2.127653 ms (FindLiveObjects: 0.278855 ms CreateObjectMapping: 0.097986 ms MarkObjects: 1.649502 ms  DeleteObjects: 0.100387 ms)

========================================================================
Received Prepare
Registering precompiled user dll's ...
Registered in 0.001101 seconds.
Begin MonoManager ReloadAssembly
Native extension for OSXStandalone target not found
Refreshing native plugins compatible for Editor in 0.56 ms, found 2 plugins.
Preloading 0 native plugins for Editor in 0.00 ms.
Invalid AssetDatabase path: /Editor/EditorResources/cm_logo_sm.png. Use path relative to the project folder.
UnityEngine.StackTraceUtility:ExtractStackTrace () (at /Users/bokken/buildslave/unity/build/Runtime/Export/Scripting/StackTrace.cs:37)
UnityEditor.AssetDatabase:LoadAssetAtPath<UnityEngine.Texture2D> (string) (at /Users/bokken/buildslave/unity/build/Modules/AssetDatabase/Editor/ScriptBindings/AssetDatabase.bindings.cs:220)
Cinemachine.Editor.CinemachineSettings:get_CinemachineLogoTexture () (at Library/PackageCache/com.unity.cinemachine@2.6.5/Editor/Windows/CinemachineSettings.cs:205)
Cinemachine.Editor.CinemachineSettings:.cctor () (at Library/PackageCache/com.unity.cinemachine@2.6.5/Editor/Windows/CinemachineSettings.cs:237)
Cinemachine.CinemachineColliderPrefs:.cctor () (at Library/PackageCache/com.unity.cinemachine@2.6.5/Editor/Windows/CinemachineColliderPrefs.cs:61)
System.Runtime.CompilerServices.RuntimeHelpers:RunClassConstructor (System.RuntimeTypeHandle)
UnityEditor.EditorAssemblies:ProcessInitializeOnLoadAttributes (System.Type[]) (at /Users/bokken/buildslave/unity/build/Editor/Mono/EditorAssemblies.cs:114)

[Library/PackageCache/com.unity.cinemachine@2.6.5/Editor/Windows/CinemachineSettings.cs line 205]

Mono: successfully reloaded assembly
- Completed reload, in  1.717 seconds
Platform modules already initialized, skipping
Refreshing native plugins compatible for Editor in 0.57 ms, found 2 plugins.
Preloading 0 native plugins for Editor in 0.00 ms.
Unloading 1949 Unused Serialized files (Serialized files now loaded: 0)
System memory in use before: 179.1 MB.
System memory in use after: 179.1 MB.

Unloading 13 unused Assets to reduce memory usage. Loaded Objects now: 2606.
Total: 4.273063 ms (FindLiveObjects: 0.800295 ms CreateObjectMapping: 0.199788 ms MarkObjects: 3.107297 ms  DeleteObjects: 0.163918 ms)

========================================================================
Received Prepare
Registering precompiled user dll's ...
Registered in 0.001201 seconds.
Begin MonoManager ReloadAssembly
Native extension for OSXStandalone target not found
Refreshing native plugins compatible for Editor in 0.42 ms, found 2 plugins.
Preloading 0 native plugins for Editor in 0.00 ms.
Mono: successfully reloaded assembly
- Completed reload, in  1.469 seconds
Platform modules already initialized, skipping
Refreshing native plugins compatible for Editor in 0.38 ms, found 2 plugins.
Preloading 0 native plugins for Editor in 0.00 ms.
Unloading 1950 Unused Serialized files (Serialized files now loaded: 0)
System memory in use before: 179.4 MB.
System memory in use after: 179.4 MB.

Unloading 14 unused Assets to reduce memory usage. Loaded Objects now: 2611.
Total: 2.350371 ms (FindLiveObjects: 0.207750 ms CreateObjectMapping: 0.062481 ms MarkObjects: 1.923355 ms  DeleteObjects: 0.155879 ms)

========================================================================
Received Prepare
Registering precompiled user dll's ...
Registered in 0.000915 seconds.
Begin MonoManager ReloadAssembly
Native extension for OSXStandalone target not found
Refreshing native plugins compatible for Editor in 0.42 ms, found 2 plugins.
Preloading 0 native plugins for Editor in 0.00 ms.
Mono: successfully reloaded assembly
- Completed reload, in  1.317 seconds
Platform modules already initialized, skipping
Refreshing native plugins compatible for Editor in 0.38 ms, found 2 plugins.
Preloading 0 native plugins for Editor in 0.00 ms.
Unloading 1949 Unused Serialized files (Serialized files now loaded: 0)
System memory in use before: 179.6 MB.
System memory in use after: 179.6 MB.

Unloading 14 unused Assets to reduce memory usage. Loaded Objects now: 2615.
Total: 4.046045 ms (FindLiveObjects: 0.230801 ms CreateObjectMapping: 0.085187 ms MarkObjects: 3.603484 ms  DeleteObjects: 0.125542 ms)

========================================================================
Received Import Request.
  Time since last request: 421.386045 seconds.
  path: Assets/Script
  artifactKey: Guid(65cf40ec7d51a4d32b1f2fa798974120) Importer(815301076,1909f56bfc062723c751e8b465ee728b)
Start importing Assets/Script using Guid(65cf40ec7d51a4d32b1f2fa798974120) Importer(815301076,1909f56bfc062723c751e8b465ee728b)  -> (artifact id: 'bdfed6917fc950f363a39a1852165671') in 0.006782 seconds
  Import took 0.011443 seconds .

========================================================================
Received Import Request.
  Time since last request: 10.111432 seconds.
  path: Assets/Script/PlayerController.cs
  artifactKey: Guid(b3dbedeef68be4fee8186f6f93bb0ff0) Importer(815301076,1909f56bfc062723c751e8b465ee728b)
Start importing Assets/Script/PlayerController.cs using Guid(b3dbedeef68be4fee8186f6f93bb0ff0) Importer(815301076,1909f56bfc062723c751e8b465ee728b)  -> (artifact id: '760355a0609bd0d85a573d3a9ecb644e') in 0.551695 seconds
  Import took 0.556285 seconds .

========================================================================
Received Prepare
Registering precompiled user dll's ...
Registered in 0.001160 seconds.
Begin MonoManager ReloadAssembly
Native extension for OSXStandalone target not found
Refreshing native plugins compatible for Editor in 0.78 ms, found 2 plugins.
Preloading 0 native plugins for Editor in 0.00 ms.
Mono: successfully reloaded assembly
- Completed reload, in  1.362 seconds
Platform modules already initialized, skipping
Refreshing native plugins compatible for Editor in 0.49 ms, found 2 plugins.
Preloading 0 native plugins for Editor in 0.00 ms.
Unloading 1950 Unused Serialized files (Serialized files now loaded: 0)
System memory in use before: 184.1 MB.
System memory in use after: 184.0 MB.

Unloading 14 unused Assets to reduce memory usage. Loaded Objects now: 2620.
Total: 3.089033 ms (FindLiveObjects: 0.423595 ms CreateObjectMapping: 0.143399 ms MarkObjects: 2.388136 ms  DeleteObjects: 0.132486 ms)

========================================================================
Received Prepare
Registering precompiled user dll's ...
Registered in 0.001514 seconds.
Begin MonoManager ReloadAssembly
Native extension for OSXStandalone target not found
Refreshing native plugins compatible for Editor in 0.56 ms, found 2 plugins.
Preloading 0 native plugins for Editor in 0.00 ms.
Mono: successfully reloaded assembly
- Completed reload, in  1.599 seconds
Platform modules already initialized, skipping
Refreshing native plugins compatible for Editor in 0.49 ms, found 2 plugins.
Preloading 0 native plugins for Editor in 0.00 ms.
Unloading 1950 Unused Serialized files (Serialized files now loaded: 0)
System memory in use before: 184.3 MB.
System memory in use after: 184.3 MB.

Unloading 14 unused Assets to reduce memory usage. Loaded Objects now: 2624.
Total: 2.213275 ms (FindLiveObjects: 0.267721 ms CreateObjectMapping: 0.068924 ms MarkObjects: 1.743655 ms  DeleteObjects: 0.132042 ms)

========================================================================
Received Import Request.
  Time since last request: 289.343814 seconds.
  path: Assets/Script/PlayerController.cs
  artifactKey: Guid(b3dbedeef68be4fee8186f6f93bb0ff0) Importer(815301076,1909f56bfc062723c751e8b465ee728b)
Start importing Assets/Script/PlayerController.cs using Guid(b3dbedeef68be4fee8186f6f93bb0ff0) Importer(815301076,1909f56bfc062723c751e8b465ee728b)  -> (artifact id: '51d16e215ff932b73c1a44f800010be9') in 0.007436 seconds
  Import took 0.012723 seconds .

========================================================================
Received Prepare
Registering precompiled user dll's ...
Registered in 0.002151 seconds.
Begin MonoManager ReloadAssembly
Native extension for OSXStandalone target not found
Refreshing native plugins compatible for Editor in 0.43 ms, found 2 plugins.
Preloading 0 native plugins for Editor in 0.00 ms.
Mono: successfully reloaded assembly
- Completed reload, in  1.434 seconds
Platform modules already initialized, skipping
Refreshing native plugins compatible for Editor in 0.40 ms, found 2 plugins.
Preloading 0 native plugins for Editor in 0.00 ms.
Unloading 1950 Unused Serialized files (Serialized files now loaded: 0)
System memory in use before: 184.5 MB.
System memory in use after: 184.4 MB.

Unloading 14 unused Assets to reduce memory usage. Loaded Objects now: 2628.
Total: 2.184990 ms (FindLiveObjects: 0.211483 ms CreateObjectMapping: 0.063562 ms MarkObjects: 1.769456 ms  DeleteObjects: 0.139491 ms)

========================================================================
Received Prepare
Registering precompiled user dll's ...
Registered in 0.002587 seconds.
Begin MonoManager ReloadAssembly
Native extension for OSXStandalone target not found
Refreshing native plugins compatible for Editor in 0.48 ms, found 2 plugins.
Preloading 0 native plugins for Editor in 0.00 ms.
Mono: successfully reloaded assembly
- Completed reload, in  1.421 seconds
Platform modules already initialized, skipping
Refreshing native plugins compatible for Editor in 0.43 ms, found 2 plugins.
Preloading 0 native plugins for Editor in 0.00 ms.
Unloading 1950 Unused Serialized files (Serialized files now loaded: 0)
System memory in use before: 184.7 MB.
System memory in use after: 184.6 MB.

Unloading 14 unused Assets to reduce memory usage. Loaded Objects now: 2632.
Total: 13.066955 ms (FindLiveObjects: 0.850478 ms CreateObjectMapping: 0.213809 ms MarkObjects: 11.804851 ms  DeleteObjects: 0.195062 ms)

========================================================================
Received Prepare
Registering precompiled user dll's ...
Registered in 0.000640 seconds.
Begin MonoManager ReloadAssembly
Native extension for OSXStandalone target not found
Refreshing native plugins compatible for Editor in 0.49 ms, found 2 plugins.
Preloading 0 native plugins for Editor in 0.00 ms.
Mono: successfully reloaded assembly
- Completed reload, in  1.294 seconds
Platform modules already initialized, skipping
Refreshing native plugins compatible for Editor in 0.38 ms, found 2 plugins.
Preloading 0 native plugins for Editor in 0.00 ms.
Unloading 1950 Unused Serialized files (Serialized files now loaded: 0)
System memory in use before: 184.9 MB.
System memory in use after: 184.9 MB.

Unloading 14 unused Assets to reduce memory usage. Loaded Objects now: 2636.
Total: 2.072982 ms (FindLiveObjects: 0.211628 ms CreateObjectMapping: 0.063724 ms MarkObjects: 1.689753 ms  DeleteObjects: 0.107120 ms)

========================================================================
Received Prepare
Registering precompiled user dll's ...
Registered in 0.001915 seconds.
Begin MonoManager ReloadAssembly
Native extension for OSXStandalone target not found
Refreshing native plugins compatible for Editor in 0.41 ms, found 2 plugins.
Preloading 0 native plugins for Editor in 0.00 ms.
Mono: successfully reloaded assembly
- Completed reload, in  1.230 seconds
Platform modules already initialized, skipping
Refreshing native plugins compatible for Editor in 0.44 ms, found 2 plugins.
Preloading 0 native plugins for Editor in 0.00 ms.
Unloading 1950 Unused Serialized files (Serialized files now loaded: 0)
System memory in use before: 185.1 MB.
System memory in use after: 185.0 MB.

Unloading 14 unused Assets to reduce memory usage. Loaded Objects now: 2640.
Total: 2.195376 ms (FindLiveObjects: 0.219946 ms CreateObjectMapping: 0.067650 ms MarkObjects: 1.789089 ms  DeleteObjects: 0.117873 ms)

========================================================================
Received Prepare
Registering precompiled user dll's ...
Registered in 0.000812 seconds.
Begin MonoManager ReloadAssembly
Native extension for OSXStandalone target not found
Refreshing native plugins compatible for Editor in 0.53 ms, found 2 plugins.
Preloading 0 native plugins for Editor in 0.00 ms.
Mono: successfully reloaded assembly
- Completed reload, in  1.195 seconds
Platform modules already initialized, skipping
Refreshing native plugins compatible for Editor in 0.46 ms, found 2 plugins.
Preloading 0 native plugins for Editor in 0.00 ms.
Unloading 1950 Unused Serialized files (Serialized files now loaded: 0)
System memory in use before: 185.3 MB.
System memory in use after: 185.2 MB.

Unloading 14 unused Assets to reduce memory usage. Loaded Objects now: 2644.
Total: 2.542137 ms (FindLiveObjects: 0.274109 ms CreateObjectMapping: 0.100158 ms MarkObjects: 2.044586 ms  DeleteObjects: 0.122309 ms)

========================================================================
Received Prepare
Registering precompiled user dll's ...
Registered in 0.000709 seconds.
Begin MonoManager ReloadAssembly
Native extension for OSXStandalone target not found
Refreshing native plugins compatible for Editor in 0.42 ms, found 2 plugins.
Preloading 0 native plugins for Editor in 0.00 ms.
Mono: successfully reloaded assembly
- Completed reload, in  1.083 seconds
Platform modules already initialized, skipping
Refreshing native plugins compatible for Editor in 0.35 ms, found 2 plugins.
Preloading 0 native plugins for Editor in 0.00 ms.
Unloading 1950 Unused Serialized files (Serialized files now loaded: 0)
System memory in use before: 185.5 MB.
System memory in use after: 185.4 MB.

Unloading 14 unused Assets to reduce memory usage. Loaded Objects now: 2648.
Total: 2.255001 ms (FindLiveObjects: 0.229881 ms CreateObjectMapping: 0.057741 ms MarkObjects: 1.859533 ms  DeleteObjects: 0.106936 ms)

========================================================================
Received Import Request.
  Time since last request: 855.799859 seconds.
  path: Assets/Animations
  artifactKey: Guid(03fa58d3af3924cd3a46a0bb6851b4f9) Importer(815301076,1909f56bfc062723c751e8b465ee728b)
Start importing Assets/Animations using Guid(03fa58d3af3924cd3a46a0bb6851b4f9) Importer(815301076,1909f56bfc062723c751e8b465ee728b)  -> (artifact id: '38c4619f79aba6acd1631e3f6e1673db') in 0.006765 seconds
  Import took 0.011509 seconds .

========================================================================
Received Import Request.
  Time since last request: 21.096810 seconds.
  path: Assets/TopDown 2D RPG BE3/Sprites/PlayerDown.anim
  artifactKey: Guid(d73f9087959774e6f9a9a257beb9c057) Importer(815301076,1909f56bfc062723c751e8b465ee728b)
Start importing Assets/TopDown 2D RPG BE3/Sprites/PlayerDown.anim using Guid(d73f9087959774e6f9a9a257beb9c057) Importer(815301076,1909f56bfc062723c751e8b465ee728b)  -> (artifact id: 'a9376b627336fe6a71ad613571b4bc69') in 0.233040 seconds
  Import took 0.237123 seconds .

========================================================================
Received Import Request.
  Time since last request: 14.587808 seconds.
  path: Assets/TopDown 2D RPG BE3/Sprites/PlayerLeft.anim
  artifactKey: Guid(59e44493afb614d18a5ccaf3322b0207) Importer(815301076,1909f56bfc062723c751e8b465ee728b)
Start importing Assets/TopDown 2D RPG BE3/Sprites/PlayerLeft.anim using Guid(59e44493afb614d18a5ccaf3322b0207) Importer(815301076,1909f56bfc062723c751e8b465ee728b)  -> (artifact id: 'a88bbe389ee17428b13382271736056f') in 0.005534 seconds
  Import took 0.009557 seconds .

========================================================================
Received Import Request.
  Time since last request: 9.345294 seconds.
  path: Assets/TopDown 2D RPG BE3/Sprites/PlayerRight.anim
  artifactKey: Guid(45495713aed494eb99f557d6b0784bdc) Importer(815301076,1909f56bfc062723c751e8b465ee728b)
Start importing Assets/TopDown 2D RPG BE3/Sprites/PlayerRight.anim using Guid(45495713aed494eb99f557d6b0784bdc) Importer(815301076,1909f56bfc062723c751e8b465ee728b)  -> (artifact id: '38e757c5cd5228fd06675be0e46c7990') in 0.004089 seconds
  Import took 0.007954 seconds .

========================================================================
Received Import Request.
  Time since last request: 9.836534 seconds.
  path: Assets/TopDown 2D RPG BE3/Sprites/PlayerUp.anim
  artifactKey: Guid(6b14abbd121194e2793e2edec2795b85) Importer(815301076,1909f56bfc062723c751e8b465ee728b)
Start importing Assets/TopDown 2D RPG BE3/Sprites/PlayerUp.anim using Guid(6b14abbd121194e2793e2edec2795b85) Importer(815301076,1909f56bfc062723c751e8b465ee728b)  -> (artifact id: 'bc7d8cea733c46eb53bb6bbc0b02c480') in 0.004365 seconds
  Import took 0.008076 seconds .

========================================================================
Received Import Request.
  Time since last request: 51.644277 seconds.
  path: Assets/Animations/PlayerAnimator.controller
  artifactKey: Guid(63858fea337004e17aa996ecc3eb70f1) Importer(815301076,1909f56bfc062723c751e8b465ee728b)
Start importing Assets/Animations/PlayerAnimator.controller using Guid(63858fea337004e17aa996ecc3eb70f1) Importer(815301076,1909f56bfc062723c751e8b465ee728b)  -> (artifact id: 'dbac2a65b5bdcdddff7a69c5cb48dc18') in 0.149181 seconds
  Import took 0.154424 seconds .

AssetImportWorkerClient::OnTransportError - code=2 error=End of file
